[2024-12-06T13:21:18.568+0000] {manager.py:483} INFO - Processing files using up to 1 processes at a time 
[2024-12-06T13:21:18.569+0000] {manager.py:484} INFO - Process each file at most once every 30 seconds
[2024-12-06T13:21:18.570+0000] {manager.py:485} INFO - Checking for new files in /opt/airflow/dags every 300 seconds
[2024-12-06T13:21:18.570+0000] {manager.py:821} INFO - Searching for files in /opt/airflow/dags
[2024-12-06T13:21:18.573+0000] {manager.py:824} INFO - There are 0 files in /opt/airflow/dags
[2024-12-06T13:26:18.916+0000] {manager.py:821} INFO - Searching for files in /opt/airflow/dags
[2024-12-06T13:26:18.939+0000] {manager.py:824} INFO - There are 1 files in /opt/airflow/dags
[2024-12-06T13:26:21.922+0000] {manager.py:997} INFO - 
================================================================================
DAG File Processing Stats

File Path                 PID    Runtime      # DAGs    # Errors  Last Runtime    Last Run               Last # of DB Queries
------------------------  -----  ---------  --------  ----------  --------------  -------------------  ----------------------
/opt/airflow/dags/dag.py                           1           0  1.01s           2024-12-06T13:26:20                      43
================================================================================
[2024-12-06T13:26:52.183+0000] {manager.py:997} INFO - 
================================================================================
DAG File Processing Stats

File Path                 PID    Runtime      # DAGs    # Errors  Last Runtime    Last Run               Last # of DB Queries
------------------------  -----  ---------  --------  ----------  --------------  -------------------  ----------------------
/opt/airflow/dags/dag.py                           1           0  0.30s           2024-12-06T13:26:51                      10
================================================================================
[2024-12-06T13:27:26.993+0000] {manager.py:997} INFO - 
================================================================================
DAG File Processing Stats

File Path                 PID    Runtime      # DAGs    # Errors  Last Runtime    Last Run               Last # of DB Queries
------------------------  -----  ---------  --------  ----------  --------------  -------------------  ----------------------
/opt/airflow/dags/dag.py                           1           0  0.71s           2024-12-06T13:27:26                      10
================================================================================
[2024-12-06T13:27:58.218+0000] {manager.py:997} INFO - 
================================================================================
DAG File Processing Stats

File Path                 PID    Runtime      # DAGs    # Errors  Last Runtime    Last Run               Last # of DB Queries
------------------------  -----  ---------  --------  ----------  --------------  -------------------  ----------------------
/opt/airflow/dags/dag.py                           1           0  1.01s           2024-12-06T13:27:58                      10
================================================================================
[2024-12-06T13:28:29.634+0000] {manager.py:997} INFO - 
================================================================================
DAG File Processing Stats

File Path                 PID    Runtime      # DAGs    # Errors  Last Runtime    Last Run               Last # of DB Queries
------------------------  -----  ---------  --------  ----------  --------------  -------------------  ----------------------
/opt/airflow/dags/dag.py                           1           0  1.01s           2024-12-06T13:28:29                      10
================================================================================
[2024-12-06T13:29:00.847+0000] {manager.py:997} INFO - 
================================================================================
DAG File Processing Stats

File Path                 PID    Runtime      # DAGs    # Errors  Last Runtime    Last Run               Last # of DB Queries
------------------------  -----  ---------  --------  ----------  --------------  -------------------  ----------------------
/opt/airflow/dags/dag.py                           1           0  0.41s           2024-12-06T13:29:00                      10
================================================================================
[2024-12-06T13:29:30.940+0000] {manager.py:997} INFO - 
================================================================================
DAG File Processing Stats

File Path                 PID    Runtime      # DAGs    # Errors  Last Runtime    Last Run               Last # of DB Queries
------------------------  -----  ---------  --------  ----------  --------------  -------------------  ----------------------
/opt/airflow/dags/dag.py                           1           0  0.20s           2024-12-06T13:29:20                      10
================================================================================
[2024-12-06T13:30:01.679+0000] {manager.py:997} INFO - 
================================================================================
DAG File Processing Stats

File Path                 PID    Runtime      # DAGs    # Errors  Last Runtime    Last Run               Last # of DB Queries
------------------------  -----  ---------  --------  ----------  --------------  -------------------  ----------------------
/opt/airflow/dags/dag.py                           1           0  0.20s           2024-12-06T13:29:51                      10
================================================================================
[2024-12-06T13:30:32.208+0000] {manager.py:997} INFO - 
================================================================================
DAG File Processing Stats

File Path                 PID    Runtime      # DAGs    # Errors  Last Runtime    Last Run               Last # of DB Queries
------------------------  -----  ---------  --------  ----------  --------------  -------------------  ----------------------
/opt/airflow/dags/dag.py                           1           0  0.31s           2024-12-06T13:30:22                      10
================================================================================
[2024-12-06T13:31:02.990+0000] {manager.py:997} INFO - 
================================================================================
DAG File Processing Stats

File Path                 PID    Runtime      # DAGs    # Errors  Last Runtime    Last Run               Last # of DB Queries
------------------------  -----  ---------  --------  ----------  --------------  -------------------  ----------------------
/opt/airflow/dags/dag.py                           1           0  0.20s           2024-12-06T13:30:52                      10
================================================================================
[2024-12-06T13:31:19.028+0000] {manager.py:821} INFO - Searching for files in /opt/airflow/dags
[2024-12-06T13:31:19.075+0000] {manager.py:824} INFO - There are 1 files in /opt/airflow/dags
[2024-12-06T13:31:33.207+0000] {manager.py:997} INFO - 
================================================================================
DAG File Processing Stats

File Path                 PID    Runtime      # DAGs    # Errors  Last Runtime    Last Run               Last # of DB Queries
------------------------  -----  ---------  --------  ----------  --------------  -------------------  ----------------------
/opt/airflow/dags/dag.py                           1           0  0.31s           2024-12-06T13:31:24                      10
================================================================================
[2024-12-06T13:32:03.483+0000] {manager.py:997} INFO - 
================================================================================
DAG File Processing Stats

File Path                 PID    Runtime      # DAGs    # Errors  Last Runtime    Last Run               Last # of DB Queries
------------------------  -----  ---------  --------  ----------  --------------  -------------------  ----------------------
/opt/airflow/dags/dag.py                           1           0  0.31s           2024-12-06T13:31:54                      10
================================================================================
[2024-12-06T13:32:34.502+0000] {manager.py:997} INFO - 
================================================================================
DAG File Processing Stats

File Path                 PID    Runtime      # DAGs    # Errors  Last Runtime    Last Run               Last # of DB Queries
------------------------  -----  ---------  --------  ----------  --------------  -------------------  ----------------------
/opt/airflow/dags/dag.py                           1           0  0.31s           2024-12-06T13:32:18                      10
================================================================================
[2024-12-06T13:33:05.007+0000] {manager.py:997} INFO - 
================================================================================
DAG File Processing Stats

File Path                 PID    Runtime      # DAGs    # Errors  Last Runtime    Last Run               Last # of DB Queries
------------------------  -----  ---------  --------  ----------  --------------  -------------------  ----------------------
/opt/airflow/dags/dag.py                           1           0  0.32s           2024-12-06T13:32:49                      10
================================================================================
[2024-12-06T13:33:35.919+0000] {manager.py:997} INFO - 
================================================================================
DAG File Processing Stats

File Path                 PID    Runtime      # DAGs    # Errors  Last Runtime    Last Run               Last # of DB Queries
------------------------  -----  ---------  --------  ----------  --------------  -------------------  ----------------------
/opt/airflow/dags/dag.py                           1           0  0.21s           2024-12-06T13:33:19                      10
================================================================================
[2024-12-06T13:34:06.067+0000] {manager.py:997} INFO - 
================================================================================
DAG File Processing Stats

File Path                 PID    Runtime      # DAGs    # Errors  Last Runtime    Last Run               Last # of DB Queries
------------------------  -----  ---------  --------  ----------  --------------  -------------------  ----------------------
/opt/airflow/dags/dag.py                           1           0  0.31s           2024-12-06T13:34:02                      10
================================================================================
[2024-12-06T13:34:08.570+0000] {manager.py:465} INFO - Exiting gracefully upon receiving signal 15
[2024-12-06T13:42:20.542+0000] {manager.py:483} INFO - Processing files using up to 1 processes at a time 
[2024-12-06T13:42:20.543+0000] {manager.py:484} INFO - Process each file at most once every 30 seconds
[2024-12-06T13:42:20.544+0000] {manager.py:485} INFO - Checking for new files in /opt/airflow/dags every 300 seconds
[2024-12-06T13:42:20.545+0000] {manager.py:821} INFO - Searching for files in /opt/airflow/dags
[2024-12-06T13:42:20.624+0000] {manager.py:824} INFO - There are 2 files in /opt/airflow/dags
[2024-12-06T13:42:21.298+0000] {manager.py:997} INFO - 
================================================================================
DAG File Processing Stats

File Path                  PID    Runtime      # DAGs    # Errors  Last Runtime    Last Run               Last # of DB Queries
-------------------------  -----  ---------  --------  ----------  --------------  -------------------  ----------------------
/opt/airflow/dags/dag1.py                           1           0  0.51s           2024-12-06T13:42:21                      31
/opt/airflow/dags/dag.py                            0           0                                                            0
================================================================================
[2024-12-06T13:42:51.861+0000] {manager.py:997} INFO - 
================================================================================
DAG File Processing Stats

File Path                  PID    Runtime      # DAGs    # Errors  Last Runtime    Last Run               Last # of DB Queries
-------------------------  -----  ---------  --------  ----------  --------------  -------------------  ----------------------
/opt/airflow/dags/dag1.py                           1           0  0.31s           2024-12-06T13:42:51                      10
/opt/airflow/dags/dag.py                            1           0  0.31s           2024-12-06T13:42:22                       9
================================================================================
[2024-12-06T13:43:22.377+0000] {manager.py:997} INFO - 
================================================================================
DAG File Processing Stats

File Path                  PID    Runtime      # DAGs    # Errors  Last Runtime    Last Run               Last # of DB Queries
-------------------------  -----  ---------  --------  ----------  --------------  -------------------  ----------------------
/opt/airflow/dags/dag.py                            1           0  0.40s           2024-12-06T13:42:53                      32
/opt/airflow/dags/dag1.py                           1           0  0.21s           2024-12-06T13:43:14                       9
================================================================================
[2024-12-06T13:43:52.824+0000] {manager.py:997} INFO - 
================================================================================
DAG File Processing Stats

File Path                  PID    Runtime      # DAGs    # Errors  Last Runtime    Last Run               Last # of DB Queries
-------------------------  -----  ---------  --------  ----------  --------------  -------------------  ----------------------
/opt/airflow/dags/dag1.py                           1           0  0.31s           2024-12-06T13:43:45                      32
/opt/airflow/dags/dag.py                            1           0  0.31s           2024-12-06T13:43:24                      10
================================================================================
[2024-12-06T13:44:23.373+0000] {manager.py:997} INFO - 
================================================================================
DAG File Processing Stats

File Path                  PID    Runtime      # DAGs    # Errors  Last Runtime    Last Run               Last # of DB Queries
-------------------------  -----  ---------  --------  ----------  --------------  -------------------  ----------------------
/opt/airflow/dags/dag.py                            1           0  0.31s           2024-12-06T13:43:58                       9
/opt/airflow/dags/dag1.py                           1           0  0.31s           2024-12-06T13:44:16                      10
================================================================================
[2024-12-06T13:44:53.817+0000] {manager.py:997} INFO - 
================================================================================
DAG File Processing Stats

File Path                  PID    Runtime      # DAGs    # Errors  Last Runtime    Last Run               Last # of DB Queries
-------------------------  -----  ---------  --------  ----------  --------------  -------------------  ----------------------
/opt/airflow/dags/dag.py                            1           0  0.30s           2024-12-06T13:44:28                      32
/opt/airflow/dags/dag1.py                           1           0  0.20s           2024-12-06T13:44:47                       9
================================================================================
[2024-12-06T13:45:24.345+0000] {manager.py:997} INFO - 
================================================================================
DAG File Processing Stats

File Path                  PID    Runtime      # DAGs    # Errors  Last Runtime    Last Run               Last # of DB Queries
-------------------------  -----  ---------  --------  ----------  --------------  -------------------  ----------------------
/opt/airflow/dags/dag.py                            1           0  0.31s           2024-12-06T13:45:00                      10
/opt/airflow/dags/dag1.py                           1           0  0.31s           2024-12-06T13:45:18                      32
================================================================================
[2024-12-06T13:45:54.765+0000] {manager.py:997} INFO - 
================================================================================
DAG File Processing Stats

File Path                  PID    Runtime      # DAGs    # Errors  Last Runtime    Last Run               Last # of DB Queries
-------------------------  -----  ---------  --------  ----------  --------------  -------------------  ----------------------
/opt/airflow/dags/dag1.py                           1           0  0.21s           2024-12-06T13:45:49                      10
/opt/airflow/dags/dag.py                            1           0  0.20s           2024-12-06T13:45:30                       9
================================================================================
[2024-12-06T13:46:25.439+0000] {manager.py:997} INFO - 
================================================================================
DAG File Processing Stats

File Path                  PID    Runtime      # DAGs    # Errors  Last Runtime    Last Run               Last # of DB Queries
-------------------------  -----  ---------  --------  ----------  --------------  -------------------  ----------------------
/opt/airflow/dags/dag.py                            1           0  0.41s           2024-12-06T13:46:02                      32
/opt/airflow/dags/dag1.py                           1           0  0.21s           2024-12-06T13:46:20                       9
================================================================================
[2024-12-06T13:46:56.009+0000] {manager.py:997} INFO - 
================================================================================
DAG File Processing Stats

File Path                  PID    Runtime      # DAGs    # Errors  Last Runtime    Last Run               Last # of DB Queries
-------------------------  -----  ---------  --------  ----------  --------------  -------------------  ----------------------
/opt/airflow/dags/dag1.py                           1           0  0.41s           2024-12-06T13:46:52                      32
/opt/airflow/dags/dag.py                            1           0  0.31s           2024-12-06T13:46:33                      10
================================================================================
[2024-12-06T13:47:21.093+0000] {manager.py:821} INFO - Searching for files in /opt/airflow/dags
[2024-12-06T13:47:21.142+0000] {manager.py:824} INFO - There are 2 files in /opt/airflow/dags
[2024-12-06T13:47:26.471+0000] {manager.py:997} INFO - 
================================================================================
DAG File Processing Stats

File Path                  PID    Runtime      # DAGs    # Errors  Last Runtime    Last Run               Last # of DB Queries
-------------------------  -----  ---------  --------  ----------  --------------  -------------------  ----------------------
/opt/airflow/dags/dag.py                            1           0  0.31s           2024-12-06T13:47:05                       9
/opt/airflow/dags/dag1.py                           1           0  0.21s           2024-12-06T13:47:22                      10
================================================================================
[2024-12-06T13:47:57.614+0000] {manager.py:997} INFO - 
================================================================================
DAG File Processing Stats

File Path                  PID    Runtime      # DAGs    # Errors  Last Runtime    Last Run               Last # of DB Queries
-------------------------  -----  ---------  --------  ----------  --------------  -------------------  ----------------------
/opt/airflow/dags/dag.py                            1           0  0.40s           2024-12-06T13:47:35                      32
/opt/airflow/dags/dag1.py                           1           0  0.31s           2024-12-06T13:47:54                       9
================================================================================
[2024-12-06T13:48:28.377+0000] {manager.py:997} INFO - 
================================================================================
DAG File Processing Stats

File Path                  PID    Runtime      # DAGs    # Errors  Last Runtime    Last Run               Last # of DB Queries
-------------------------  -----  ---------  --------  ----------  --------------  -------------------  ----------------------
/opt/airflow/dags/dag1.py                           1           0  0.41s           2024-12-06T13:48:24                      32
/opt/airflow/dags/dag.py                            1           0  0.20s           2024-12-06T13:48:06                      10
================================================================================
[2024-12-06T13:49:01.545+0000] {manager.py:997} INFO - 
================================================================================
DAG File Processing Stats

File Path                  PID    Runtime      # DAGs    # Errors  Last Runtime    Last Run               Last # of DB Queries
-------------------------  -----  ---------  --------  ----------  --------------  -------------------  ----------------------
/opt/airflow/dags/dag1.py                           1           0  0.31s           2024-12-06T13:48:55                      10
/opt/airflow/dags/dag.py                            1           0  0.31s           2024-12-06T13:48:37                       9
================================================================================
[2024-12-06T13:49:31.862+0000] {manager.py:997} INFO - 
================================================================================
DAG File Processing Stats

File Path                  PID    Runtime      # DAGs    # Errors  Last Runtime    Last Run               Last # of DB Queries
-------------------------  -----  ---------  --------  ----------  --------------  -------------------  ----------------------
/opt/airflow/dags/dag.py                            1           0  0.41s           2024-12-06T13:49:08                      32
/opt/airflow/dags/dag1.py                           1           0  0.21s           2024-12-06T13:49:25                       9
================================================================================
[2024-12-06T13:50:02.389+0000] {manager.py:997} INFO - 
================================================================================
DAG File Processing Stats

File Path                  PID    Runtime      # DAGs    # Errors  Last Runtime    Last Run               Last # of DB Queries
-------------------------  -----  ---------  --------  ----------  --------------  -------------------  ----------------------
/opt/airflow/dags/dag1.py                           1           0  0.71s           2024-12-06T13:49:56                      32
/opt/airflow/dags/dag.py                            1           0  0.21s           2024-12-06T13:49:38                      10
================================================================================
[2024-12-06T13:50:33.022+0000] {manager.py:997} INFO - 
================================================================================
DAG File Processing Stats

File Path                  PID    Runtime      # DAGs    # Errors  Last Runtime    Last Run               Last # of DB Queries
-------------------------  -----  ---------  --------  ----------  --------------  -------------------  ----------------------
/opt/airflow/dags/dag.py                            1           0  0.31s           2024-12-06T13:50:24                       9
/opt/airflow/dags/dag1.py                           1           0  0.31s           2024-12-06T13:50:27                      10
================================================================================
[2024-12-06T13:51:03.326+0000] {manager.py:997} INFO - 
================================================================================
DAG File Processing Stats

File Path                  PID    Runtime      # DAGs    # Errors  Last Runtime    Last Run               Last # of DB Queries
-------------------------  -----  ---------  --------  ----------  --------------  -------------------  ----------------------
/opt/airflow/dags/dag.py                            1           0  0.30s           2024-12-06T13:50:54                      10
/opt/airflow/dags/dag1.py                           1           0  0.20s           2024-12-06T13:50:57                      10
================================================================================
[2024-12-06T13:51:33.429+0000] {manager.py:997} INFO - 
================================================================================
DAG File Processing Stats

File Path                  PID    Runtime      # DAGs    # Errors  Last Runtime    Last Run               Last # of DB Queries
-------------------------  -----  ---------  --------  ----------  --------------  -------------------  ----------------------
/opt/airflow/dags/dag.py                            1           0  0.31s           2024-12-06T13:51:25                      10
/opt/airflow/dags/dag1.py                           1           0  0.21s           2024-12-06T13:51:29                      10
================================================================================
[2024-12-06T13:52:03.693+0000] {manager.py:997} INFO - 
================================================================================
DAG File Processing Stats

File Path                  PID    Runtime      # DAGs    # Errors  Last Runtime    Last Run               Last # of DB Queries
-------------------------  -----  ---------  --------  ----------  --------------  -------------------  ----------------------
/opt/airflow/dags/dag.py                            1           0  0.21s           2024-12-06T13:51:55                      10
/opt/airflow/dags/dag1.py                           1           0  0.21s           2024-12-06T13:52:01                      10
================================================================================
[2024-12-06T13:52:21.276+0000] {manager.py:821} INFO - Searching for files in /opt/airflow/dags
[2024-12-06T13:52:21.330+0000] {manager.py:824} INFO - There are 2 files in /opt/airflow/dags
[2024-12-06T13:52:34.797+0000] {manager.py:997} INFO - 
================================================================================
DAG File Processing Stats

File Path                  PID    Runtime      # DAGs    # Errors  Last Runtime    Last Run               Last # of DB Queries
-------------------------  -----  ---------  --------  ----------  --------------  -------------------  ----------------------
/opt/airflow/dags/dag1.py                           1           0  0.31s           2024-12-06T13:52:33                      10
/opt/airflow/dags/dag.py                            1           0  0.30s           2024-12-06T13:52:34                      32
================================================================================
[2024-12-06T13:53:05.398+0000] {manager.py:997} INFO - 
================================================================================
DAG File Processing Stats

File Path                  PID    Runtime      # DAGs    # Errors  Last Runtime    Last Run               Last # of DB Queries
-------------------------  -----  ---------  --------  ----------  --------------  -------------------  ----------------------
/opt/airflow/dags/dag.py                            1           0  0.31s           2024-12-06T13:52:45                       9
/opt/airflow/dags/dag1.py                           1           0  0.20s           2024-12-06T13:53:03                       9
================================================================================
[2024-12-06T13:53:35.757+0000] {manager.py:997} INFO - 
================================================================================
DAG File Processing Stats

File Path                  PID    Runtime      # DAGs    # Errors  Last Runtime    Last Run               Last # of DB Queries
-------------------------  -----  ---------  --------  ----------  --------------  -------------------  ----------------------
/opt/airflow/dags/dag1.py                           1           0  0.51s           2024-12-06T13:53:35                      32
/opt/airflow/dags/dag.py                            1           0  0.20s           2024-12-06T13:53:15                      10
================================================================================
[2024-12-06T13:54:06.483+0000] {manager.py:997} INFO - 
================================================================================
DAG File Processing Stats

File Path                  PID    Runtime      # DAGs    # Errors  Last Runtime    Last Run               Last # of DB Queries
-------------------------  -----  ---------  --------  ----------  --------------  -------------------  ----------------------
/opt/airflow/dags/dag1.py                           1           0  0.21s           2024-12-06T13:54:06                      10
/opt/airflow/dags/dag.py                            1           0  0.20s           2024-12-06T13:53:46                      10
================================================================================
[2024-12-06T13:54:37.438+0000] {manager.py:997} INFO - 
================================================================================
DAG File Processing Stats

File Path                  PID    Runtime      # DAGs    # Errors  Last Runtime    Last Run               Last # of DB Queries
-------------------------  -----  ---------  --------  ----------  --------------  -------------------  ----------------------
/opt/airflow/dags/dag1.py                           1           0  0.31s           2024-12-06T13:54:37                      10
/opt/airflow/dags/dag.py                            1           0  0.21s           2024-12-06T13:54:29                       9
================================================================================
[2024-12-06T13:55:08.412+0000] {manager.py:997} INFO - 
================================================================================
DAG File Processing Stats

File Path                  PID    Runtime      # DAGs    # Errors  Last Runtime    Last Run               Last # of DB Queries
-------------------------  -----  ---------  --------  ----------  --------------  -------------------  ----------------------
/opt/airflow/dags/dag.py                            1           0  0.21s           2024-12-06T13:55:00                      10
/opt/airflow/dags/dag1.py                           1           0  0.21s           2024-12-06T13:55:08                      10
================================================================================
[2024-12-06T13:55:39.483+0000] {manager.py:997} INFO - 
================================================================================
DAG File Processing Stats

File Path                  PID    Runtime      # DAGs    # Errors  Last Runtime    Last Run               Last # of DB Queries
-------------------------  -----  ---------  --------  ----------  --------------  -------------------  ----------------------
/opt/airflow/dags/dag.py                            1           0  0.21s           2024-12-06T13:55:31                      10
/opt/airflow/dags/dag1.py                           1           0  0.20s           2024-12-06T13:55:39                      10
================================================================================
[2024-12-06T13:56:10.449+0000] {manager.py:997} INFO - 
================================================================================
DAG File Processing Stats

File Path                  PID    Runtime      # DAGs    # Errors  Last Runtime    Last Run               Last # of DB Queries
-------------------------  -----  ---------  --------  ----------  --------------  -------------------  ----------------------
/opt/airflow/dags/dag.py                            1           0  0.31s           2024-12-06T13:56:03                      10
/opt/airflow/dags/dag1.py                           1           0  0.20s           2024-12-06T13:56:10                      10
================================================================================
[2024-12-06T13:56:41.662+0000] {manager.py:997} INFO - 
================================================================================
DAG File Processing Stats

File Path                  PID    Runtime      # DAGs    # Errors  Last Runtime    Last Run               Last # of DB Queries
-------------------------  -----  ---------  --------  ----------  --------------  -------------------  ----------------------
/opt/airflow/dags/dag.py                            1           0  0.30s           2024-12-06T13:56:34                      10
/opt/airflow/dags/dag1.py                           1           0  0.21s           2024-12-06T13:56:41                      10
================================================================================
