[2024-12-06T13:26:19.073+0000] {processor.py:186} INFO - Started process (PID=93) to work on /opt/airflow/dags/dag.py
[2024-12-06T13:26:19.075+0000] {processor.py:914} INFO - Processing file /opt/airflow/dags/dag.py for tasks to queue
[2024-12-06T13:26:19.081+0000] {logging_mixin.py:190} INFO - [2024-12-06T13:26:19.080+0000] {dagbag.py:588} INFO - Filling up the DagBag from /opt/airflow/dags/dag.py
[2024-12-06T13:26:19.157+0000] {processor.py:925} INFO - DAG(s) 'weather_data_pipeline' retrieved from /opt/airflow/dags/dag.py
[2024-12-06T13:26:19.403+0000] {logging_mixin.py:190} INFO - [2024-12-06T13:26:19.401+0000] {override.py:1911} INFO - Created Permission View: can delete on DAG:weather_data_pipeline
[2024-12-06T13:26:19.448+0000] {logging_mixin.py:190} INFO - [2024-12-06T13:26:19.447+0000] {override.py:1911} INFO - Created Permission View: can read on DAG:weather_data_pipeline
[2024-12-06T13:26:19.495+0000] {logging_mixin.py:190} INFO - [2024-12-06T13:26:19.494+0000] {override.py:1911} INFO - Created Permission View: can edit on DAG:weather_data_pipeline
[2024-12-06T13:26:19.614+0000] {logging_mixin.py:190} INFO - [2024-12-06T13:26:19.612+0000] {override.py:1911} INFO - Created Permission View: can delete on DAG Run:weather_data_pipeline
[2024-12-06T13:26:19.688+0000] {logging_mixin.py:190} INFO - [2024-12-06T13:26:19.687+0000] {override.py:1911} INFO - Created Permission View: can read on DAG Run:weather_data_pipeline
[2024-12-06T13:26:19.764+0000] {logging_mixin.py:190} INFO - [2024-12-06T13:26:19.763+0000] {override.py:1911} INFO - Created Permission View: menu access on DAG Run:weather_data_pipeline
[2024-12-06T13:26:19.884+0000] {logging_mixin.py:190} INFO - [2024-12-06T13:26:19.883+0000] {override.py:1911} INFO - Created Permission View: can create on DAG Run:weather_data_pipeline
[2024-12-06T13:26:19.886+0000] {logging_mixin.py:190} INFO - [2024-12-06T13:26:19.886+0000] {dag.py:3239} INFO - Sync 1 DAGs
[2024-12-06T13:26:19.926+0000] {logging_mixin.py:190} INFO - [2024-12-06T13:26:19.926+0000] {dag.py:3262} INFO - Creating ORM DAG for weather_data_pipeline
[2024-12-06T13:26:19.928+0000] {logging_mixin.py:190} INFO - [2024-12-06T13:26:19.928+0000] {dag.py:4180} INFO - Setting next_dagrun for weather_data_pipeline to None, run_after=None
[2024-12-06T13:26:20.025+0000] {processor.py:208} INFO - Processing /opt/airflow/dags/dag.py took 0.959 seconds
[2024-12-06T13:26:50.790+0000] {processor.py:186} INFO - Started process (PID=94) to work on /opt/airflow/dags/dag.py
[2024-12-06T13:26:50.790+0000] {processor.py:914} INFO - Processing file /opt/airflow/dags/dag.py for tasks to queue
[2024-12-06T13:26:50.796+0000] {logging_mixin.py:190} INFO - [2024-12-06T13:26:50.795+0000] {dagbag.py:588} INFO - Filling up the DagBag from /opt/airflow/dags/dag.py
[2024-12-06T13:26:50.828+0000] {processor.py:925} INFO - DAG(s) 'weather_data_pipeline' retrieved from /opt/airflow/dags/dag.py
[2024-12-06T13:26:50.892+0000] {logging_mixin.py:190} INFO - [2024-12-06T13:26:50.892+0000] {dag.py:3239} INFO - Sync 1 DAGs
[2024-12-06T13:26:50.919+0000] {logging_mixin.py:190} INFO - [2024-12-06T13:26:50.919+0000] {dag.py:4180} INFO - Setting next_dagrun for weather_data_pipeline to None, run_after=None
[2024-12-06T13:26:51.013+0000] {processor.py:208} INFO - Processing /opt/airflow/dags/dag.py took 0.229 seconds
[2024-12-06T13:27:26.317+0000] {processor.py:186} INFO - Started process (PID=111) to work on /opt/airflow/dags/dag.py
[2024-12-06T13:27:26.318+0000] {processor.py:914} INFO - Processing file /opt/airflow/dags/dag.py for tasks to queue
[2024-12-06T13:27:26.328+0000] {logging_mixin.py:190} INFO - [2024-12-06T13:27:26.326+0000] {dagbag.py:588} INFO - Filling up the DagBag from /opt/airflow/dags/dag.py
[2024-12-06T13:27:26.461+0000] {processor.py:925} INFO - DAG(s) 'weather_data_pipeline' retrieved from /opt/airflow/dags/dag.py
[2024-12-06T13:27:26.535+0000] {logging_mixin.py:190} INFO - [2024-12-06T13:27:26.535+0000] {dag.py:3239} INFO - Sync 1 DAGs
[2024-12-06T13:27:26.602+0000] {logging_mixin.py:190} INFO - [2024-12-06T13:27:26.602+0000] {dag.py:4180} INFO - Setting next_dagrun for weather_data_pipeline to None, run_after=None
[2024-12-06T13:27:26.955+0000] {processor.py:208} INFO - Processing /opt/airflow/dags/dag.py took 0.650 seconds
[2024-12-06T13:27:57.237+0000] {processor.py:186} INFO - Started process (PID=112) to work on /opt/airflow/dags/dag.py
[2024-12-06T13:27:57.238+0000] {processor.py:914} INFO - Processing file /opt/airflow/dags/dag.py for tasks to queue
[2024-12-06T13:27:57.240+0000] {logging_mixin.py:190} INFO - [2024-12-06T13:27:57.239+0000] {dagbag.py:588} INFO - Filling up the DagBag from /opt/airflow/dags/dag.py
[2024-12-06T13:27:57.265+0000] {processor.py:925} INFO - DAG(s) 'weather_data_pipeline' retrieved from /opt/airflow/dags/dag.py
[2024-12-06T13:27:57.471+0000] {logging_mixin.py:190} INFO - [2024-12-06T13:27:57.471+0000] {dag.py:3239} INFO - Sync 1 DAGs
[2024-12-06T13:27:57.632+0000] {logging_mixin.py:190} INFO - [2024-12-06T13:27:57.632+0000] {dag.py:4180} INFO - Setting next_dagrun for weather_data_pipeline to None, run_after=None
[2024-12-06T13:27:58.192+0000] {processor.py:208} INFO - Processing /opt/airflow/dags/dag.py took 0.963 seconds
[2024-12-06T13:28:28.645+0000] {processor.py:186} INFO - Started process (PID=113) to work on /opt/airflow/dags/dag.py
[2024-12-06T13:28:28.646+0000] {processor.py:914} INFO - Processing file /opt/airflow/dags/dag.py for tasks to queue
[2024-12-06T13:28:28.649+0000] {logging_mixin.py:190} INFO - [2024-12-06T13:28:28.648+0000] {dagbag.py:588} INFO - Filling up the DagBag from /opt/airflow/dags/dag.py
[2024-12-06T13:28:28.756+0000] {processor.py:925} INFO - DAG(s) 'weather_data_pipeline' retrieved from /opt/airflow/dags/dag.py
[2024-12-06T13:28:28.904+0000] {logging_mixin.py:190} INFO - [2024-12-06T13:28:28.903+0000] {dag.py:3239} INFO - Sync 1 DAGs
[2024-12-06T13:28:29.083+0000] {logging_mixin.py:190} INFO - [2024-12-06T13:28:29.082+0000] {dag.py:4180} INFO - Setting next_dagrun for weather_data_pipeline to None, run_after=None
[2024-12-06T13:28:29.584+0000] {processor.py:208} INFO - Processing /opt/airflow/dags/dag.py took 0.943 seconds
[2024-12-06T13:29:00.465+0000] {processor.py:186} INFO - Started process (PID=114) to work on /opt/airflow/dags/dag.py
[2024-12-06T13:29:00.466+0000] {processor.py:914} INFO - Processing file /opt/airflow/dags/dag.py for tasks to queue
[2024-12-06T13:29:00.468+0000] {logging_mixin.py:190} INFO - [2024-12-06T13:29:00.468+0000] {dagbag.py:588} INFO - Filling up the DagBag from /opt/airflow/dags/dag.py
[2024-12-06T13:29:00.502+0000] {processor.py:925} INFO - DAG(s) 'weather_data_pipeline' retrieved from /opt/airflow/dags/dag.py
[2024-12-06T13:29:00.616+0000] {logging_mixin.py:190} INFO - [2024-12-06T13:29:00.615+0000] {dag.py:3239} INFO - Sync 1 DAGs
[2024-12-06T13:29:00.629+0000] {logging_mixin.py:190} INFO - [2024-12-06T13:29:00.629+0000] {dag.py:4180} INFO - Setting next_dagrun for weather_data_pipeline to None, run_after=None
[2024-12-06T13:29:00.796+0000] {processor.py:208} INFO - Processing /opt/airflow/dags/dag.py took 0.335 seconds
[2024-12-06T13:29:18.197+0000] {processor.py:186} INFO - Started process (PID=115) to work on /opt/airflow/dags/dag.py
[2024-12-06T13:29:18.197+0000] {processor.py:914} INFO - Processing file /opt/airflow/dags/dag.py for tasks to queue
[2024-12-06T13:29:18.199+0000] {logging_mixin.py:190} INFO - [2024-12-06T13:29:18.199+0000] {dagbag.py:588} INFO - Filling up the DagBag from /opt/airflow/dags/dag.py
[2024-12-06T13:29:18.239+0000] {processor.py:925} INFO - DAG(s) 'weather_data_pipeline' retrieved from /opt/airflow/dags/dag.py
[2024-12-06T13:29:18.266+0000] {logging_mixin.py:190} INFO - [2024-12-06T13:29:18.266+0000] {dag.py:3239} INFO - Sync 1 DAGs
[2024-12-06T13:29:18.280+0000] {logging_mixin.py:190} INFO - [2024-12-06T13:29:18.280+0000] {dag.py:4180} INFO - Setting next_dagrun for weather_data_pipeline to None, run_after=None
[2024-12-06T13:29:18.350+0000] {processor.py:208} INFO - Processing /opt/airflow/dags/dag.py took 0.159 seconds
[2024-12-06T13:29:20.085+0000] {processor.py:186} INFO - Started process (PID=116) to work on /opt/airflow/dags/dag.py
[2024-12-06T13:29:20.086+0000] {processor.py:914} INFO - Processing file /opt/airflow/dags/dag.py for tasks to queue
[2024-12-06T13:29:20.089+0000] {logging_mixin.py:190} INFO - [2024-12-06T13:29:20.089+0000] {dagbag.py:588} INFO - Filling up the DagBag from /opt/airflow/dags/dag.py
[2024-12-06T13:29:20.124+0000] {processor.py:925} INFO - DAG(s) 'weather_data_pipeline' retrieved from /opt/airflow/dags/dag.py
[2024-12-06T13:29:20.155+0000] {logging_mixin.py:190} INFO - [2024-12-06T13:29:20.155+0000] {dag.py:3239} INFO - Sync 1 DAGs
[2024-12-06T13:29:20.170+0000] {logging_mixin.py:190} INFO - [2024-12-06T13:29:20.170+0000] {dag.py:4180} INFO - Setting next_dagrun for weather_data_pipeline to None, run_after=None
[2024-12-06T13:29:20.249+0000] {processor.py:208} INFO - Processing /opt/airflow/dags/dag.py took 0.169 seconds
[2024-12-06T13:29:51.455+0000] {processor.py:186} INFO - Started process (PID=133) to work on /opt/airflow/dags/dag.py
[2024-12-06T13:29:51.456+0000] {processor.py:914} INFO - Processing file /opt/airflow/dags/dag.py for tasks to queue
[2024-12-06T13:29:51.458+0000] {logging_mixin.py:190} INFO - [2024-12-06T13:29:51.458+0000] {dagbag.py:588} INFO - Filling up the DagBag from /opt/airflow/dags/dag.py
[2024-12-06T13:29:51.489+0000] {processor.py:925} INFO - DAG(s) 'weather_data_pipeline' retrieved from /opt/airflow/dags/dag.py
[2024-12-06T13:29:51.516+0000] {logging_mixin.py:190} INFO - [2024-12-06T13:29:51.516+0000] {dag.py:3239} INFO - Sync 1 DAGs
[2024-12-06T13:29:51.530+0000] {logging_mixin.py:190} INFO - [2024-12-06T13:29:51.530+0000] {dag.py:4180} INFO - Setting next_dagrun for weather_data_pipeline to None, run_after=None
[2024-12-06T13:29:51.596+0000] {processor.py:208} INFO - Processing /opt/airflow/dags/dag.py took 0.146 seconds
[2024-12-06T13:30:22.066+0000] {processor.py:186} INFO - Started process (PID=134) to work on /opt/airflow/dags/dag.py
[2024-12-06T13:30:22.067+0000] {processor.py:914} INFO - Processing file /opt/airflow/dags/dag.py for tasks to queue
[2024-12-06T13:30:22.073+0000] {logging_mixin.py:190} INFO - [2024-12-06T13:30:22.072+0000] {dagbag.py:588} INFO - Filling up the DagBag from /opt/airflow/dags/dag.py
[2024-12-06T13:30:22.111+0000] {processor.py:925} INFO - DAG(s) 'weather_data_pipeline' retrieved from /opt/airflow/dags/dag.py
[2024-12-06T13:30:22.157+0000] {logging_mixin.py:190} INFO - [2024-12-06T13:30:22.157+0000] {dag.py:3239} INFO - Sync 1 DAGs
[2024-12-06T13:30:22.176+0000] {logging_mixin.py:190} INFO - [2024-12-06T13:30:22.176+0000] {dag.py:4180} INFO - Setting next_dagrun for weather_data_pipeline to None, run_after=None
[2024-12-06T13:30:22.290+0000] {processor.py:208} INFO - Processing /opt/airflow/dags/dag.py took 0.229 seconds
[2024-12-06T13:30:52.589+0000] {processor.py:186} INFO - Started process (PID=135) to work on /opt/airflow/dags/dag.py
[2024-12-06T13:30:52.590+0000] {processor.py:914} INFO - Processing file /opt/airflow/dags/dag.py for tasks to queue
[2024-12-06T13:30:52.592+0000] {logging_mixin.py:190} INFO - [2024-12-06T13:30:52.592+0000] {dagbag.py:588} INFO - Filling up the DagBag from /opt/airflow/dags/dag.py
[2024-12-06T13:30:52.620+0000] {processor.py:925} INFO - DAG(s) 'weather_data_pipeline' retrieved from /opt/airflow/dags/dag.py
[2024-12-06T13:30:52.650+0000] {logging_mixin.py:190} INFO - [2024-12-06T13:30:52.649+0000] {dag.py:3239} INFO - Sync 1 DAGs
[2024-12-06T13:30:52.666+0000] {logging_mixin.py:190} INFO - [2024-12-06T13:30:52.666+0000] {dag.py:4180} INFO - Setting next_dagrun for weather_data_pipeline to None, run_after=None
[2024-12-06T13:30:52.738+0000] {processor.py:208} INFO - Processing /opt/airflow/dags/dag.py took 0.154 seconds
[2024-12-06T13:31:23.958+0000] {processor.py:186} INFO - Started process (PID=136) to work on /opt/airflow/dags/dag.py
[2024-12-06T13:31:23.960+0000] {processor.py:914} INFO - Processing file /opt/airflow/dags/dag.py for tasks to queue
[2024-12-06T13:31:23.963+0000] {logging_mixin.py:190} INFO - [2024-12-06T13:31:23.963+0000] {dagbag.py:588} INFO - Filling up the DagBag from /opt/airflow/dags/dag.py
[2024-12-06T13:31:23.991+0000] {processor.py:925} INFO - DAG(s) 'weather_data_pipeline' retrieved from /opt/airflow/dags/dag.py
[2024-12-06T13:31:24.024+0000] {logging_mixin.py:190} INFO - [2024-12-06T13:31:24.024+0000] {dag.py:3239} INFO - Sync 1 DAGs
[2024-12-06T13:31:24.038+0000] {logging_mixin.py:190} INFO - [2024-12-06T13:31:24.038+0000] {dag.py:4180} INFO - Setting next_dagrun for weather_data_pipeline to None, run_after=None
[2024-12-06T13:31:24.145+0000] {processor.py:208} INFO - Processing /opt/airflow/dags/dag.py took 0.192 seconds
[2024-12-06T13:31:54.390+0000] {processor.py:186} INFO - Started process (PID=137) to work on /opt/airflow/dags/dag.py
[2024-12-06T13:31:54.391+0000] {processor.py:914} INFO - Processing file /opt/airflow/dags/dag.py for tasks to queue
[2024-12-06T13:31:54.393+0000] {logging_mixin.py:190} INFO - [2024-12-06T13:31:54.393+0000] {dagbag.py:588} INFO - Filling up the DagBag from /opt/airflow/dags/dag.py
[2024-12-06T13:31:54.421+0000] {processor.py:925} INFO - DAG(s) 'weather_data_pipeline' retrieved from /opt/airflow/dags/dag.py
[2024-12-06T13:31:54.453+0000] {logging_mixin.py:190} INFO - [2024-12-06T13:31:54.452+0000] {dag.py:3239} INFO - Sync 1 DAGs
[2024-12-06T13:31:54.469+0000] {logging_mixin.py:190} INFO - [2024-12-06T13:31:54.469+0000] {dag.py:4180} INFO - Setting next_dagrun for weather_data_pipeline to None, run_after=None
[2024-12-06T13:31:54.576+0000] {processor.py:208} INFO - Processing /opt/airflow/dags/dag.py took 0.191 seconds
[2024-12-06T13:32:17.808+0000] {processor.py:186} INFO - Started process (PID=138) to work on /opt/airflow/dags/dag.py
[2024-12-06T13:32:17.809+0000] {processor.py:914} INFO - Processing file /opt/airflow/dags/dag.py for tasks to queue
[2024-12-06T13:32:17.811+0000] {logging_mixin.py:190} INFO - [2024-12-06T13:32:17.811+0000] {dagbag.py:588} INFO - Filling up the DagBag from /opt/airflow/dags/dag.py
[2024-12-06T13:32:17.855+0000] {processor.py:925} INFO - DAG(s) 'weather_data_pipeline' retrieved from /opt/airflow/dags/dag.py
[2024-12-06T13:32:17.893+0000] {logging_mixin.py:190} INFO - [2024-12-06T13:32:17.893+0000] {dag.py:3239} INFO - Sync 1 DAGs
[2024-12-06T13:32:17.910+0000] {logging_mixin.py:190} INFO - [2024-12-06T13:32:17.909+0000] {dag.py:4180} INFO - Setting next_dagrun for weather_data_pipeline to None, run_after=None
[2024-12-06T13:32:17.990+0000] {processor.py:208} INFO - Processing /opt/airflow/dags/dag.py took 0.189 seconds
[2024-12-06T13:32:48.736+0000] {processor.py:186} INFO - Started process (PID=155) to work on /opt/airflow/dags/dag.py
[2024-12-06T13:32:48.737+0000] {processor.py:914} INFO - Processing file /opt/airflow/dags/dag.py for tasks to queue
[2024-12-06T13:32:48.739+0000] {logging_mixin.py:190} INFO - [2024-12-06T13:32:48.739+0000] {dagbag.py:588} INFO - Filling up the DagBag from /opt/airflow/dags/dag.py
[2024-12-06T13:32:48.770+0000] {processor.py:925} INFO - DAG(s) 'weather_data_pipeline' retrieved from /opt/airflow/dags/dag.py
[2024-12-06T13:32:48.842+0000] {logging_mixin.py:190} INFO - [2024-12-06T13:32:48.842+0000] {dag.py:3239} INFO - Sync 1 DAGs
[2024-12-06T13:32:48.860+0000] {logging_mixin.py:190} INFO - [2024-12-06T13:32:48.860+0000] {dag.py:4180} INFO - Setting next_dagrun for weather_data_pipeline to None, run_after=None
[2024-12-06T13:32:48.950+0000] {processor.py:208} INFO - Processing /opt/airflow/dags/dag.py took 0.219 seconds
[2024-12-06T13:33:19.267+0000] {processor.py:186} INFO - Started process (PID=156) to work on /opt/airflow/dags/dag.py
[2024-12-06T13:33:19.268+0000] {processor.py:914} INFO - Processing file /opt/airflow/dags/dag.py for tasks to queue
[2024-12-06T13:33:19.270+0000] {logging_mixin.py:190} INFO - [2024-12-06T13:33:19.270+0000] {dagbag.py:588} INFO - Filling up the DagBag from /opt/airflow/dags/dag.py
[2024-12-06T13:33:19.306+0000] {processor.py:925} INFO - DAG(s) 'weather_data_pipeline' retrieved from /opt/airflow/dags/dag.py
[2024-12-06T13:33:19.339+0000] {logging_mixin.py:190} INFO - [2024-12-06T13:33:19.339+0000] {dag.py:3239} INFO - Sync 1 DAGs
[2024-12-06T13:33:19.354+0000] {logging_mixin.py:190} INFO - [2024-12-06T13:33:19.354+0000] {dag.py:4180} INFO - Setting next_dagrun for weather_data_pipeline to None, run_after=None
[2024-12-06T13:33:19.440+0000] {processor.py:208} INFO - Processing /opt/airflow/dags/dag.py took 0.180 seconds
[2024-12-06T13:33:50.280+0000] {processor.py:186} INFO - Started process (PID=157) to work on /opt/airflow/dags/dag.py
[2024-12-06T13:33:50.281+0000] {processor.py:914} INFO - Processing file /opt/airflow/dags/dag.py for tasks to queue
[2024-12-06T13:33:50.284+0000] {logging_mixin.py:190} INFO - [2024-12-06T13:33:50.283+0000] {dagbag.py:588} INFO - Filling up the DagBag from /opt/airflow/dags/dag.py
[2024-12-06T13:33:50.314+0000] {processor.py:925} INFO - DAG(s) 'weather_data_pipeline' retrieved from /opt/airflow/dags/dag.py
[2024-12-06T13:33:50.353+0000] {logging_mixin.py:190} INFO - [2024-12-06T13:33:50.353+0000] {dag.py:3239} INFO - Sync 1 DAGs
[2024-12-06T13:33:50.370+0000] {logging_mixin.py:190} INFO - [2024-12-06T13:33:50.369+0000] {dag.py:4180} INFO - Setting next_dagrun for weather_data_pipeline to None, run_after=None
[2024-12-06T13:33:50.432+0000] {processor.py:208} INFO - Processing /opt/airflow/dags/dag.py took 0.159 seconds
[2024-12-06T13:34:01.909+0000] {processor.py:186} INFO - Started process (PID=158) to work on /opt/airflow/dags/dag.py
[2024-12-06T13:34:01.912+0000] {processor.py:914} INFO - Processing file /opt/airflow/dags/dag.py for tasks to queue
[2024-12-06T13:34:01.915+0000] {logging_mixin.py:190} INFO - [2024-12-06T13:34:01.915+0000] {dagbag.py:588} INFO - Filling up the DagBag from /opt/airflow/dags/dag.py
[2024-12-06T13:34:01.983+0000] {processor.py:925} INFO - DAG(s) 'weather_data_pipeline' retrieved from /opt/airflow/dags/dag.py
[2024-12-06T13:34:02.044+0000] {logging_mixin.py:190} INFO - [2024-12-06T13:34:02.044+0000] {dag.py:3239} INFO - Sync 1 DAGs
[2024-12-06T13:34:02.081+0000] {logging_mixin.py:190} INFO - [2024-12-06T13:34:02.080+0000] {dag.py:4180} INFO - Setting next_dagrun for weather_data_pipeline to None, run_after=None
[2024-12-06T13:34:02.187+0000] {processor.py:208} INFO - Processing /opt/airflow/dags/dag.py took 0.284 seconds
[2024-12-06T13:42:22.536+0000] {processor.py:186} INFO - Started process (PID=71) to work on /opt/airflow/dags/dag.py
[2024-12-06T13:42:22.538+0000] {processor.py:914} INFO - Processing file /opt/airflow/dags/dag.py for tasks to queue
[2024-12-06T13:42:22.543+0000] {logging_mixin.py:190} INFO - [2024-12-06T13:42:22.543+0000] {dagbag.py:588} INFO - Filling up the DagBag from /opt/airflow/dags/dag.py
[2024-12-06T13:42:22.596+0000] {processor.py:925} INFO - DAG(s) 'weather_data_pipeline' retrieved from /opt/airflow/dags/dag.py
[2024-12-06T13:42:22.618+0000] {logging_mixin.py:190} INFO - [2024-12-06T13:42:22.618+0000] {dag.py:3239} INFO - Sync 1 DAGs
[2024-12-06T13:42:22.641+0000] {logging_mixin.py:190} INFO - [2024-12-06T13:42:22.641+0000] {dag.py:4180} INFO - Setting next_dagrun for weather_data_pipeline to None, run_after=None
[2024-12-06T13:42:22.733+0000] {processor.py:208} INFO - Processing /opt/airflow/dags/dag.py took 0.203 seconds
[2024-12-06T13:42:53.050+0000] {processor.py:186} INFO - Started process (PID=95) to work on /opt/airflow/dags/dag.py
[2024-12-06T13:42:53.051+0000] {processor.py:914} INFO - Processing file /opt/airflow/dags/dag.py for tasks to queue
[2024-12-06T13:42:53.053+0000] {logging_mixin.py:190} INFO - [2024-12-06T13:42:53.053+0000] {dagbag.py:588} INFO - Filling up the DagBag from /opt/airflow/dags/dag.py
[2024-12-06T13:42:53.082+0000] {processor.py:925} INFO - DAG(s) 'weather_data_pipeline' retrieved from /opt/airflow/dags/dag.py
[2024-12-06T13:42:53.238+0000] {logging_mixin.py:190} INFO - [2024-12-06T13:42:53.238+0000] {dag.py:3239} INFO - Sync 1 DAGs
[2024-12-06T13:42:53.252+0000] {logging_mixin.py:190} INFO - [2024-12-06T13:42:53.252+0000] {dag.py:4180} INFO - Setting next_dagrun for weather_data_pipeline to None, run_after=None
[2024-12-06T13:42:53.336+0000] {processor.py:208} INFO - Processing /opt/airflow/dags/dag.py took 0.290 seconds
[2024-12-06T13:43:24.278+0000] {processor.py:186} INFO - Started process (PID=97) to work on /opt/airflow/dags/dag.py
[2024-12-06T13:43:24.279+0000] {processor.py:914} INFO - Processing file /opt/airflow/dags/dag.py for tasks to queue
[2024-12-06T13:43:24.282+0000] {logging_mixin.py:190} INFO - [2024-12-06T13:43:24.282+0000] {dagbag.py:588} INFO - Filling up the DagBag from /opt/airflow/dags/dag.py
[2024-12-06T13:43:24.314+0000] {processor.py:925} INFO - DAG(s) 'weather_data_pipeline' retrieved from /opt/airflow/dags/dag.py
[2024-12-06T13:43:24.348+0000] {logging_mixin.py:190} INFO - [2024-12-06T13:43:24.348+0000] {dag.py:3239} INFO - Sync 1 DAGs
[2024-12-06T13:43:24.364+0000] {logging_mixin.py:190} INFO - [2024-12-06T13:43:24.364+0000] {dag.py:4180} INFO - Setting next_dagrun for weather_data_pipeline to None, run_after=None
[2024-12-06T13:43:24.464+0000] {processor.py:208} INFO - Processing /opt/airflow/dags/dag.py took 0.193 seconds
[2024-12-06T13:43:57.847+0000] {processor.py:186} INFO - Started process (PID=115) to work on /opt/airflow/dags/dag.py
[2024-12-06T13:43:57.850+0000] {processor.py:914} INFO - Processing file /opt/airflow/dags/dag.py for tasks to queue
[2024-12-06T13:43:57.857+0000] {logging_mixin.py:190} INFO - [2024-12-06T13:43:57.857+0000] {dagbag.py:588} INFO - Filling up the DagBag from /opt/airflow/dags/dag.py
[2024-12-06T13:43:57.903+0000] {processor.py:925} INFO - DAG(s) 'weather_data_pipeline' retrieved from /opt/airflow/dags/dag.py
[2024-12-06T13:43:57.928+0000] {logging_mixin.py:190} INFO - [2024-12-06T13:43:57.928+0000] {dag.py:3239} INFO - Sync 1 DAGs
[2024-12-06T13:43:57.957+0000] {logging_mixin.py:190} INFO - [2024-12-06T13:43:57.956+0000] {dag.py:4180} INFO - Setting next_dagrun for weather_data_pipeline to None, run_after=None
[2024-12-06T13:43:58.050+0000] {processor.py:208} INFO - Processing /opt/airflow/dags/dag.py took 0.213 seconds
[2024-12-06T13:44:28.491+0000] {processor.py:186} INFO - Started process (PID=117) to work on /opt/airflow/dags/dag.py
[2024-12-06T13:44:28.492+0000] {processor.py:914} INFO - Processing file /opt/airflow/dags/dag.py for tasks to queue
[2024-12-06T13:44:28.494+0000] {logging_mixin.py:190} INFO - [2024-12-06T13:44:28.494+0000] {dagbag.py:588} INFO - Filling up the DagBag from /opt/airflow/dags/dag.py
[2024-12-06T13:44:28.520+0000] {processor.py:925} INFO - DAG(s) 'weather_data_pipeline' retrieved from /opt/airflow/dags/dag.py
[2024-12-06T13:44:28.685+0000] {logging_mixin.py:190} INFO - [2024-12-06T13:44:28.684+0000] {dag.py:3239} INFO - Sync 1 DAGs
[2024-12-06T13:44:28.696+0000] {logging_mixin.py:190} INFO - [2024-12-06T13:44:28.696+0000] {dag.py:4180} INFO - Setting next_dagrun for weather_data_pipeline to None, run_after=None
[2024-12-06T13:44:28.763+0000] {processor.py:208} INFO - Processing /opt/airflow/dags/dag.py took 0.276 seconds
[2024-12-06T13:44:59.798+0000] {processor.py:186} INFO - Started process (PID=119) to work on /opt/airflow/dags/dag.py
[2024-12-06T13:44:59.799+0000] {processor.py:914} INFO - Processing file /opt/airflow/dags/dag.py for tasks to queue
[2024-12-06T13:44:59.802+0000] {logging_mixin.py:190} INFO - [2024-12-06T13:44:59.801+0000] {dagbag.py:588} INFO - Filling up the DagBag from /opt/airflow/dags/dag.py
[2024-12-06T13:44:59.842+0000] {processor.py:925} INFO - DAG(s) 'weather_data_pipeline' retrieved from /opt/airflow/dags/dag.py
[2024-12-06T13:44:59.869+0000] {logging_mixin.py:190} INFO - [2024-12-06T13:44:59.868+0000] {dag.py:3239} INFO - Sync 1 DAGs
[2024-12-06T13:44:59.882+0000] {logging_mixin.py:190} INFO - [2024-12-06T13:44:59.882+0000] {dag.py:4180} INFO - Setting next_dagrun for weather_data_pipeline to None, run_after=None
[2024-12-06T13:45:00.023+0000] {processor.py:208} INFO - Processing /opt/airflow/dags/dag.py took 0.231 seconds
[2024-12-06T13:45:30.795+0000] {processor.py:186} INFO - Started process (PID=121) to work on /opt/airflow/dags/dag.py
[2024-12-06T13:45:30.796+0000] {processor.py:914} INFO - Processing file /opt/airflow/dags/dag.py for tasks to queue
[2024-12-06T13:45:30.799+0000] {logging_mixin.py:190} INFO - [2024-12-06T13:45:30.799+0000] {dagbag.py:588} INFO - Filling up the DagBag from /opt/airflow/dags/dag.py
[2024-12-06T13:45:30.825+0000] {processor.py:925} INFO - DAG(s) 'weather_data_pipeline' retrieved from /opt/airflow/dags/dag.py
[2024-12-06T13:45:30.853+0000] {logging_mixin.py:190} INFO - [2024-12-06T13:45:30.853+0000] {dag.py:3239} INFO - Sync 1 DAGs
[2024-12-06T13:45:30.870+0000] {logging_mixin.py:190} INFO - [2024-12-06T13:45:30.870+0000] {dag.py:4180} INFO - Setting next_dagrun for weather_data_pipeline to None, run_after=None
[2024-12-06T13:45:30.954+0000] {processor.py:208} INFO - Processing /opt/airflow/dags/dag.py took 0.164 seconds
[2024-12-06T13:46:02.285+0000] {processor.py:186} INFO - Started process (PID=123) to work on /opt/airflow/dags/dag.py
[2024-12-06T13:46:02.286+0000] {processor.py:914} INFO - Processing file /opt/airflow/dags/dag.py for tasks to queue
[2024-12-06T13:46:02.288+0000] {logging_mixin.py:190} INFO - [2024-12-06T13:46:02.288+0000] {dagbag.py:588} INFO - Filling up the DagBag from /opt/airflow/dags/dag.py
[2024-12-06T13:46:02.311+0000] {processor.py:925} INFO - DAG(s) 'weather_data_pipeline' retrieved from /opt/airflow/dags/dag.py
[2024-12-06T13:46:02.472+0000] {logging_mixin.py:190} INFO - [2024-12-06T13:46:02.472+0000] {dag.py:3239} INFO - Sync 1 DAGs
[2024-12-06T13:46:02.488+0000] {logging_mixin.py:190} INFO - [2024-12-06T13:46:02.487+0000] {dag.py:4180} INFO - Setting next_dagrun for weather_data_pipeline to None, run_after=None
[2024-12-06T13:46:02.585+0000] {processor.py:208} INFO - Processing /opt/airflow/dags/dag.py took 0.305 seconds
[2024-12-06T13:46:33.657+0000] {processor.py:186} INFO - Started process (PID=125) to work on /opt/airflow/dags/dag.py
[2024-12-06T13:46:33.659+0000] {processor.py:914} INFO - Processing file /opt/airflow/dags/dag.py for tasks to queue
[2024-12-06T13:46:33.664+0000] {logging_mixin.py:190} INFO - [2024-12-06T13:46:33.663+0000] {dagbag.py:588} INFO - Filling up the DagBag from /opt/airflow/dags/dag.py
[2024-12-06T13:46:33.713+0000] {processor.py:925} INFO - DAG(s) 'weather_data_pipeline' retrieved from /opt/airflow/dags/dag.py
[2024-12-06T13:46:33.754+0000] {logging_mixin.py:190} INFO - [2024-12-06T13:46:33.753+0000] {dag.py:3239} INFO - Sync 1 DAGs
[2024-12-06T13:46:33.773+0000] {logging_mixin.py:190} INFO - [2024-12-06T13:46:33.773+0000] {dag.py:4180} INFO - Setting next_dagrun for weather_data_pipeline to None, run_after=None
[2024-12-06T13:46:33.880+0000] {processor.py:208} INFO - Processing /opt/airflow/dags/dag.py took 0.232 seconds
[2024-12-06T13:47:05.025+0000] {processor.py:186} INFO - Started process (PID=127) to work on /opt/airflow/dags/dag.py
[2024-12-06T13:47:05.026+0000] {processor.py:914} INFO - Processing file /opt/airflow/dags/dag.py for tasks to queue
[2024-12-06T13:47:05.029+0000] {logging_mixin.py:190} INFO - [2024-12-06T13:47:05.028+0000] {dagbag.py:588} INFO - Filling up the DagBag from /opt/airflow/dags/dag.py
[2024-12-06T13:47:05.078+0000] {processor.py:925} INFO - DAG(s) 'weather_data_pipeline' retrieved from /opt/airflow/dags/dag.py
[2024-12-06T13:47:05.100+0000] {logging_mixin.py:190} INFO - [2024-12-06T13:47:05.099+0000] {dag.py:3239} INFO - Sync 1 DAGs
[2024-12-06T13:47:05.118+0000] {logging_mixin.py:190} INFO - [2024-12-06T13:47:05.118+0000] {dag.py:4180} INFO - Setting next_dagrun for weather_data_pipeline to None, run_after=None
[2024-12-06T13:47:05.203+0000] {processor.py:208} INFO - Processing /opt/airflow/dags/dag.py took 0.187 seconds
[2024-12-06T13:47:35.374+0000] {processor.py:186} INFO - Started process (PID=129) to work on /opt/airflow/dags/dag.py
[2024-12-06T13:47:35.375+0000] {processor.py:914} INFO - Processing file /opt/airflow/dags/dag.py for tasks to queue
[2024-12-06T13:47:35.377+0000] {logging_mixin.py:190} INFO - [2024-12-06T13:47:35.377+0000] {dagbag.py:588} INFO - Filling up the DagBag from /opt/airflow/dags/dag.py
[2024-12-06T13:47:35.402+0000] {processor.py:925} INFO - DAG(s) 'weather_data_pipeline' retrieved from /opt/airflow/dags/dag.py
[2024-12-06T13:47:35.547+0000] {logging_mixin.py:190} INFO - [2024-12-06T13:47:35.547+0000] {dag.py:3239} INFO - Sync 1 DAGs
[2024-12-06T13:47:35.557+0000] {logging_mixin.py:190} INFO - [2024-12-06T13:47:35.557+0000] {dag.py:4180} INFO - Setting next_dagrun for weather_data_pipeline to None, run_after=None
[2024-12-06T13:47:35.682+0000] {processor.py:208} INFO - Processing /opt/airflow/dags/dag.py took 0.312 seconds
[2024-12-06T13:48:06.671+0000] {processor.py:186} INFO - Started process (PID=131) to work on /opt/airflow/dags/dag.py
[2024-12-06T13:48:06.672+0000] {processor.py:914} INFO - Processing file /opt/airflow/dags/dag.py for tasks to queue
[2024-12-06T13:48:06.674+0000] {logging_mixin.py:190} INFO - [2024-12-06T13:48:06.674+0000] {dagbag.py:588} INFO - Filling up the DagBag from /opt/airflow/dags/dag.py
[2024-12-06T13:48:06.705+0000] {processor.py:925} INFO - DAG(s) 'weather_data_pipeline' retrieved from /opt/airflow/dags/dag.py
[2024-12-06T13:48:06.736+0000] {logging_mixin.py:190} INFO - [2024-12-06T13:48:06.736+0000] {dag.py:3239} INFO - Sync 1 DAGs
[2024-12-06T13:48:06.750+0000] {logging_mixin.py:190} INFO - [2024-12-06T13:48:06.750+0000] {dag.py:4180} INFO - Setting next_dagrun for weather_data_pipeline to None, run_after=None
[2024-12-06T13:48:06.822+0000] {processor.py:208} INFO - Processing /opt/airflow/dags/dag.py took 0.155 seconds
[2024-12-06T13:48:37.008+0000] {processor.py:186} INFO - Started process (PID=133) to work on /opt/airflow/dags/dag.py
[2024-12-06T13:48:37.010+0000] {processor.py:914} INFO - Processing file /opt/airflow/dags/dag.py for tasks to queue
[2024-12-06T13:48:37.016+0000] {logging_mixin.py:190} INFO - [2024-12-06T13:48:37.016+0000] {dagbag.py:588} INFO - Filling up the DagBag from /opt/airflow/dags/dag.py
[2024-12-06T13:48:37.056+0000] {processor.py:925} INFO - DAG(s) 'weather_data_pipeline' retrieved from /opt/airflow/dags/dag.py
[2024-12-06T13:48:37.076+0000] {logging_mixin.py:190} INFO - [2024-12-06T13:48:37.075+0000] {dag.py:3239} INFO - Sync 1 DAGs
[2024-12-06T13:48:37.091+0000] {logging_mixin.py:190} INFO - [2024-12-06T13:48:37.091+0000] {dag.py:4180} INFO - Setting next_dagrun for weather_data_pipeline to None, run_after=None
[2024-12-06T13:48:37.192+0000] {processor.py:208} INFO - Processing /opt/airflow/dags/dag.py took 0.188 seconds
[2024-12-06T13:49:07.734+0000] {processor.py:186} INFO - Started process (PID=151) to work on /opt/airflow/dags/dag.py
[2024-12-06T13:49:07.735+0000] {processor.py:914} INFO - Processing file /opt/airflow/dags/dag.py for tasks to queue
[2024-12-06T13:49:07.738+0000] {logging_mixin.py:190} INFO - [2024-12-06T13:49:07.737+0000] {dagbag.py:588} INFO - Filling up the DagBag from /opt/airflow/dags/dag.py
[2024-12-06T13:49:07.765+0000] {processor.py:925} INFO - DAG(s) 'weather_data_pipeline' retrieved from /opt/airflow/dags/dag.py
[2024-12-06T13:49:07.894+0000] {logging_mixin.py:190} INFO - [2024-12-06T13:49:07.893+0000] {dag.py:3239} INFO - Sync 1 DAGs
[2024-12-06T13:49:07.905+0000] {logging_mixin.py:190} INFO - [2024-12-06T13:49:07.905+0000] {dag.py:4180} INFO - Setting next_dagrun for weather_data_pipeline to None, run_after=None
[2024-12-06T13:49:08.109+0000] {processor.py:208} INFO - Processing /opt/airflow/dags/dag.py took 0.380 seconds
[2024-12-06T13:49:38.809+0000] {processor.py:186} INFO - Started process (PID=153) to work on /opt/airflow/dags/dag.py
[2024-12-06T13:49:38.810+0000] {processor.py:914} INFO - Processing file /opt/airflow/dags/dag.py for tasks to queue
[2024-12-06T13:49:38.812+0000] {logging_mixin.py:190} INFO - [2024-12-06T13:49:38.812+0000] {dagbag.py:588} INFO - Filling up the DagBag from /opt/airflow/dags/dag.py
[2024-12-06T13:49:38.839+0000] {processor.py:925} INFO - DAG(s) 'weather_data_pipeline' retrieved from /opt/airflow/dags/dag.py
[2024-12-06T13:49:38.871+0000] {logging_mixin.py:190} INFO - [2024-12-06T13:49:38.870+0000] {dag.py:3239} INFO - Sync 1 DAGs
[2024-12-06T13:49:38.885+0000] {logging_mixin.py:190} INFO - [2024-12-06T13:49:38.884+0000] {dag.py:4180} INFO - Setting next_dagrun for weather_data_pipeline to None, run_after=None
[2024-12-06T13:49:38.978+0000] {processor.py:208} INFO - Processing /opt/airflow/dags/dag.py took 0.174 seconds
[2024-12-06T13:50:10.066+0000] {processor.py:186} INFO - Started process (PID=155) to work on /opt/airflow/dags/dag.py
[2024-12-06T13:50:10.067+0000] {processor.py:914} INFO - Processing file /opt/airflow/dags/dag.py for tasks to queue
[2024-12-06T13:50:10.069+0000] {logging_mixin.py:190} INFO - [2024-12-06T13:50:10.068+0000] {dagbag.py:588} INFO - Filling up the DagBag from /opt/airflow/dags/dag.py
[2024-12-06T13:50:10.092+0000] {processor.py:925} INFO - DAG(s) 'weather_data_pipeline' retrieved from /opt/airflow/dags/dag.py
[2024-12-06T13:50:10.105+0000] {logging_mixin.py:190} INFO - [2024-12-06T13:50:10.105+0000] {dag.py:3239} INFO - Sync 1 DAGs
[2024-12-06T13:50:10.120+0000] {logging_mixin.py:190} INFO - [2024-12-06T13:50:10.120+0000] {dag.py:4180} INFO - Setting next_dagrun for weather_data_pipeline to None, run_after=None
[2024-12-06T13:50:10.188+0000] {processor.py:208} INFO - Processing /opt/airflow/dags/dag.py took 0.127 seconds
[2024-12-06T13:50:18.498+0000] {processor.py:186} INFO - Started process (PID=156) to work on /opt/airflow/dags/dag.py
[2024-12-06T13:50:18.499+0000] {processor.py:914} INFO - Processing file /opt/airflow/dags/dag.py for tasks to queue
[2024-12-06T13:50:18.501+0000] {logging_mixin.py:190} INFO - [2024-12-06T13:50:18.500+0000] {dagbag.py:588} INFO - Filling up the DagBag from /opt/airflow/dags/dag.py
[2024-12-06T13:50:18.586+0000] {processor.py:925} INFO - DAG(s) 'dummy_weather_data_pipeline' retrieved from /opt/airflow/dags/dag.py
[2024-12-06T13:50:18.787+0000] {logging_mixin.py:190} INFO - [2024-12-06T13:50:18.785+0000] {override.py:1911} INFO - Created Permission View: can edit on DAG:dummy_weather_data_pipeline
[2024-12-06T13:50:18.997+0000] {logging_mixin.py:190} INFO - [2024-12-06T13:50:18.996+0000] {override.py:1911} INFO - Created Permission View: can delete on DAG:dummy_weather_data_pipeline
[2024-12-06T13:50:19.068+0000] {logging_mixin.py:190} INFO - [2024-12-06T13:50:19.067+0000] {override.py:1911} INFO - Created Permission View: can read on DAG:dummy_weather_data_pipeline
[2024-12-06T13:50:19.157+0000] {logging_mixin.py:190} INFO - [2024-12-06T13:50:19.156+0000] {override.py:1911} INFO - Created Permission View: can create on DAG Run:dummy_weather_data_pipeline
[2024-12-06T13:50:19.231+0000] {logging_mixin.py:190} INFO - [2024-12-06T13:50:19.229+0000] {override.py:1911} INFO - Created Permission View: menu access on DAG Run:dummy_weather_data_pipeline
[2024-12-06T13:50:19.303+0000] {logging_mixin.py:190} INFO - [2024-12-06T13:50:19.302+0000] {override.py:1911} INFO - Created Permission View: can delete on DAG Run:dummy_weather_data_pipeline
[2024-12-06T13:50:19.371+0000] {logging_mixin.py:190} INFO - [2024-12-06T13:50:19.370+0000] {override.py:1911} INFO - Created Permission View: can read on DAG Run:dummy_weather_data_pipeline
[2024-12-06T13:50:19.373+0000] {logging_mixin.py:190} INFO - [2024-12-06T13:50:19.372+0000] {dag.py:3239} INFO - Sync 1 DAGs
[2024-12-06T13:50:19.394+0000] {logging_mixin.py:190} INFO - [2024-12-06T13:50:19.394+0000] {dag.py:3262} INFO - Creating ORM DAG for dummy_weather_data_pipeline
[2024-12-06T13:50:19.395+0000] {logging_mixin.py:190} INFO - [2024-12-06T13:50:19.395+0000] {dag.py:4180} INFO - Setting next_dagrun for dummy_weather_data_pipeline to None, run_after=None
[2024-12-06T13:50:19.492+0000] {processor.py:208} INFO - Processing /opt/airflow/dags/dag.py took 0.999 seconds
[2024-12-06T13:50:20.825+0000] {processor.py:186} INFO - Started process (PID=157) to work on /opt/airflow/dags/dag.py
[2024-12-06T13:50:20.827+0000] {processor.py:914} INFO - Processing file /opt/airflow/dags/dag.py for tasks to queue
[2024-12-06T13:50:20.829+0000] {logging_mixin.py:190} INFO - [2024-12-06T13:50:20.829+0000] {dagbag.py:588} INFO - Filling up the DagBag from /opt/airflow/dags/dag.py
[2024-12-06T13:50:20.890+0000] {processor.py:925} INFO - DAG(s) 'dummy_weather_data_pipeline' retrieved from /opt/airflow/dags/dag.py
[2024-12-06T13:50:20.912+0000] {logging_mixin.py:190} INFO - [2024-12-06T13:50:20.912+0000] {dag.py:3239} INFO - Sync 1 DAGs
[2024-12-06T13:50:20.931+0000] {logging_mixin.py:190} INFO - [2024-12-06T13:50:20.931+0000] {dag.py:4180} INFO - Setting next_dagrun for dummy_weather_data_pipeline to None, run_after=None
[2024-12-06T13:50:21.054+0000] {processor.py:208} INFO - Processing /opt/airflow/dags/dag.py took 0.234 seconds
[2024-12-06T13:50:24.063+0000] {processor.py:186} INFO - Started process (PID=158) to work on /opt/airflow/dags/dag.py
[2024-12-06T13:50:24.064+0000] {processor.py:914} INFO - Processing file /opt/airflow/dags/dag.py for tasks to queue
[2024-12-06T13:50:24.066+0000] {logging_mixin.py:190} INFO - [2024-12-06T13:50:24.066+0000] {dagbag.py:588} INFO - Filling up the DagBag from /opt/airflow/dags/dag.py
[2024-12-06T13:50:24.109+0000] {processor.py:925} INFO - DAG(s) 'dummy_weather_data_pipeline' retrieved from /opt/airflow/dags/dag.py
[2024-12-06T13:50:24.127+0000] {logging_mixin.py:190} INFO - [2024-12-06T13:50:24.127+0000] {dag.py:3239} INFO - Sync 1 DAGs
[2024-12-06T13:50:24.146+0000] {logging_mixin.py:190} INFO - [2024-12-06T13:50:24.146+0000] {dag.py:4180} INFO - Setting next_dagrun for dummy_weather_data_pipeline to None, run_after=None
[2024-12-06T13:50:24.262+0000] {processor.py:208} INFO - Processing /opt/airflow/dags/dag.py took 0.205 seconds
[2024-12-06T13:50:54.405+0000] {processor.py:186} INFO - Started process (PID=160) to work on /opt/airflow/dags/dag.py
[2024-12-06T13:50:54.406+0000] {processor.py:914} INFO - Processing file /opt/airflow/dags/dag.py for tasks to queue
[2024-12-06T13:50:54.408+0000] {logging_mixin.py:190} INFO - [2024-12-06T13:50:54.407+0000] {dagbag.py:588} INFO - Filling up the DagBag from /opt/airflow/dags/dag.py
[2024-12-06T13:50:54.434+0000] {processor.py:925} INFO - DAG(s) 'dummy_weather_data_pipeline' retrieved from /opt/airflow/dags/dag.py
[2024-12-06T13:50:54.465+0000] {logging_mixin.py:190} INFO - [2024-12-06T13:50:54.464+0000] {dag.py:3239} INFO - Sync 1 DAGs
[2024-12-06T13:50:54.480+0000] {logging_mixin.py:190} INFO - [2024-12-06T13:50:54.480+0000] {dag.py:4180} INFO - Setting next_dagrun for dummy_weather_data_pipeline to None, run_after=None
[2024-12-06T13:50:54.606+0000] {processor.py:208} INFO - Processing /opt/airflow/dags/dag.py took 0.206 seconds
[2024-12-06T13:51:24.838+0000] {processor.py:186} INFO - Started process (PID=162) to work on /opt/airflow/dags/dag.py
[2024-12-06T13:51:24.839+0000] {processor.py:914} INFO - Processing file /opt/airflow/dags/dag.py for tasks to queue
[2024-12-06T13:51:24.841+0000] {logging_mixin.py:190} INFO - [2024-12-06T13:51:24.841+0000] {dagbag.py:588} INFO - Filling up the DagBag from /opt/airflow/dags/dag.py
[2024-12-06T13:51:24.869+0000] {processor.py:925} INFO - DAG(s) 'dummy_weather_data_pipeline' retrieved from /opt/airflow/dags/dag.py
[2024-12-06T13:51:24.929+0000] {logging_mixin.py:190} INFO - [2024-12-06T13:51:24.929+0000] {dag.py:3239} INFO - Sync 1 DAGs
[2024-12-06T13:51:24.951+0000] {logging_mixin.py:190} INFO - [2024-12-06T13:51:24.950+0000] {dag.py:4180} INFO - Setting next_dagrun for dummy_weather_data_pipeline to None, run_after=None
[2024-12-06T13:51:25.081+0000] {processor.py:208} INFO - Processing /opt/airflow/dags/dag.py took 0.248 seconds
[2024-12-06T13:51:55.349+0000] {processor.py:186} INFO - Started process (PID=180) to work on /opt/airflow/dags/dag.py
[2024-12-06T13:51:55.350+0000] {processor.py:914} INFO - Processing file /opt/airflow/dags/dag.py for tasks to queue
[2024-12-06T13:51:55.354+0000] {logging_mixin.py:190} INFO - [2024-12-06T13:51:55.353+0000] {dagbag.py:588} INFO - Filling up the DagBag from /opt/airflow/dags/dag.py
[2024-12-06T13:51:55.379+0000] {processor.py:925} INFO - DAG(s) 'dummy_weather_data_pipeline' retrieved from /opt/airflow/dags/dag.py
[2024-12-06T13:51:55.408+0000] {logging_mixin.py:190} INFO - [2024-12-06T13:51:55.408+0000] {dag.py:3239} INFO - Sync 1 DAGs
[2024-12-06T13:51:55.422+0000] {logging_mixin.py:190} INFO - [2024-12-06T13:51:55.422+0000] {dag.py:4180} INFO - Setting next_dagrun for dummy_weather_data_pipeline to None, run_after=None
[2024-12-06T13:51:55.511+0000] {processor.py:208} INFO - Processing /opt/airflow/dags/dag.py took 0.168 seconds
[2024-12-06T13:52:17.084+0000] {processor.py:186} INFO - Started process (PID=182) to work on /opt/airflow/dags/dag.py
[2024-12-06T13:52:17.086+0000] {processor.py:914} INFO - Processing file /opt/airflow/dags/dag.py for tasks to queue
[2024-12-06T13:52:17.090+0000] {logging_mixin.py:190} INFO - [2024-12-06T13:52:17.089+0000] {dagbag.py:588} INFO - Filling up the DagBag from /opt/airflow/dags/dag.py
[2024-12-06T13:52:17.136+0000] {processor.py:925} INFO - DAG(s) 'dummy_weather_data_pipeline' retrieved from /opt/airflow/dags/dag.py
[2024-12-06T13:52:17.167+0000] {logging_mixin.py:190} INFO - [2024-12-06T13:52:17.167+0000] {dag.py:3239} INFO - Sync 1 DAGs
[2024-12-06T13:52:17.183+0000] {logging_mixin.py:190} INFO - [2024-12-06T13:52:17.182+0000] {dag.py:4180} INFO - Setting next_dagrun for dummy_weather_data_pipeline to None, run_after=None
[2024-12-06T13:52:17.253+0000] {processor.py:208} INFO - Processing /opt/airflow/dags/dag.py took 0.175 seconds
[2024-12-06T13:52:19.787+0000] {processor.py:186} INFO - Started process (PID=183) to work on /opt/airflow/dags/dag.py
[2024-12-06T13:52:19.788+0000] {processor.py:914} INFO - Processing file /opt/airflow/dags/dag.py for tasks to queue
[2024-12-06T13:52:19.790+0000] {logging_mixin.py:190} INFO - [2024-12-06T13:52:19.790+0000] {dagbag.py:588} INFO - Filling up the DagBag from /opt/airflow/dags/dag.py
[2024-12-06T13:52:19.863+0000] {processor.py:925} INFO - DAG(s) 'dummy_weather_data_pipeline' retrieved from /opt/airflow/dags/dag.py
[2024-12-06T13:52:19.907+0000] {logging_mixin.py:190} INFO - [2024-12-06T13:52:19.906+0000] {dag.py:3239} INFO - Sync 1 DAGs
[2024-12-06T13:52:19.925+0000] {logging_mixin.py:190} INFO - [2024-12-06T13:52:19.924+0000] {dag.py:4180} INFO - Setting next_dagrun for dummy_weather_data_pipeline to None, run_after=None
[2024-12-06T13:52:20.050+0000] {processor.py:208} INFO - Processing /opt/airflow/dags/dag.py took 0.270 seconds
[2024-12-06T13:52:28.953+0000] {processor.py:186} INFO - Started process (PID=184) to work on /opt/airflow/dags/dag.py
[2024-12-06T13:52:28.954+0000] {processor.py:914} INFO - Processing file /opt/airflow/dags/dag.py for tasks to queue
[2024-12-06T13:52:28.957+0000] {logging_mixin.py:190} INFO - [2024-12-06T13:52:28.956+0000] {dagbag.py:588} INFO - Filling up the DagBag from /opt/airflow/dags/dag.py
[2024-12-06T13:52:28.994+0000] {processor.py:925} INFO - DAG(s) 'new_weather_data_pipeline' retrieved from /opt/airflow/dags/dag.py
[2024-12-06T13:52:29.174+0000] {logging_mixin.py:190} INFO - [2024-12-06T13:52:29.173+0000] {override.py:1911} INFO - Created Permission View: can edit on DAG:new_weather_data_pipeline
[2024-12-06T13:52:29.219+0000] {logging_mixin.py:190} INFO - [2024-12-06T13:52:29.219+0000] {override.py:1911} INFO - Created Permission View: can delete on DAG:new_weather_data_pipeline
[2024-12-06T13:52:29.285+0000] {logging_mixin.py:190} INFO - [2024-12-06T13:52:29.284+0000] {override.py:1911} INFO - Created Permission View: can read on DAG:new_weather_data_pipeline
[2024-12-06T13:52:29.378+0000] {logging_mixin.py:190} INFO - [2024-12-06T13:52:29.378+0000] {override.py:1911} INFO - Created Permission View: can create on DAG Run:new_weather_data_pipeline
[2024-12-06T13:52:29.424+0000] {logging_mixin.py:190} INFO - [2024-12-06T13:52:29.424+0000] {override.py:1911} INFO - Created Permission View: menu access on DAG Run:new_weather_data_pipeline
[2024-12-06T13:52:29.473+0000] {logging_mixin.py:190} INFO - [2024-12-06T13:52:29.472+0000] {override.py:1911} INFO - Created Permission View: can delete on DAG Run:new_weather_data_pipeline
[2024-12-06T13:52:29.523+0000] {logging_mixin.py:190} INFO - [2024-12-06T13:52:29.522+0000] {override.py:1911} INFO - Created Permission View: can read on DAG Run:new_weather_data_pipeline
[2024-12-06T13:52:29.524+0000] {logging_mixin.py:190} INFO - [2024-12-06T13:52:29.524+0000] {dag.py:3239} INFO - Sync 1 DAGs
[2024-12-06T13:52:29.543+0000] {logging_mixin.py:190} INFO - [2024-12-06T13:52:29.543+0000] {dag.py:3262} INFO - Creating ORM DAG for new_weather_data_pipeline
[2024-12-06T13:52:29.544+0000] {logging_mixin.py:190} INFO - [2024-12-06T13:52:29.543+0000] {dag.py:4180} INFO - Setting next_dagrun for new_weather_data_pipeline to None, run_after=None
[2024-12-06T13:52:29.639+0000] {processor.py:208} INFO - Processing /opt/airflow/dags/dag.py took 0.690 seconds
[2024-12-06T13:52:31.434+0000] {processor.py:186} INFO - Started process (PID=185) to work on /opt/airflow/dags/dag.py
[2024-12-06T13:52:31.434+0000] {processor.py:914} INFO - Processing file /opt/airflow/dags/dag.py for tasks to queue
[2024-12-06T13:52:31.437+0000] {logging_mixin.py:190} INFO - [2024-12-06T13:52:31.437+0000] {dagbag.py:588} INFO - Filling up the DagBag from /opt/airflow/dags/dag.py
[2024-12-06T13:52:31.474+0000] {processor.py:925} INFO - DAG(s) 'n_weather_data_pipeline' retrieved from /opt/airflow/dags/dag.py
[2024-12-06T13:52:31.837+0000] {logging_mixin.py:190} INFO - [2024-12-06T13:52:31.836+0000] {override.py:1911} INFO - Created Permission View: can edit on DAG:n_weather_data_pipeline
[2024-12-06T13:52:31.902+0000] {logging_mixin.py:190} INFO - [2024-12-06T13:52:31.901+0000] {override.py:1911} INFO - Created Permission View: can delete on DAG:n_weather_data_pipeline
[2024-12-06T13:52:31.953+0000] {logging_mixin.py:190} INFO - [2024-12-06T13:52:31.952+0000] {override.py:1911} INFO - Created Permission View: can read on DAG:n_weather_data_pipeline
[2024-12-06T13:52:32.069+0000] {logging_mixin.py:190} INFO - [2024-12-06T13:52:32.068+0000] {override.py:1911} INFO - Created Permission View: can create on DAG Run:n_weather_data_pipeline
[2024-12-06T13:52:32.154+0000] {logging_mixin.py:190} INFO - [2024-12-06T13:52:32.153+0000] {override.py:1911} INFO - Created Permission View: menu access on DAG Run:n_weather_data_pipeline
[2024-12-06T13:52:32.211+0000] {logging_mixin.py:190} INFO - [2024-12-06T13:52:32.210+0000] {override.py:1911} INFO - Created Permission View: can delete on DAG Run:n_weather_data_pipeline
[2024-12-06T13:52:32.275+0000] {logging_mixin.py:190} INFO - [2024-12-06T13:52:32.274+0000] {override.py:1911} INFO - Created Permission View: can read on DAG Run:n_weather_data_pipeline
[2024-12-06T13:52:32.276+0000] {logging_mixin.py:190} INFO - [2024-12-06T13:52:32.276+0000] {dag.py:3239} INFO - Sync 1 DAGs
[2024-12-06T13:52:32.308+0000] {logging_mixin.py:190} INFO - [2024-12-06T13:52:32.307+0000] {dag.py:3262} INFO - Creating ORM DAG for n_weather_data_pipeline
[2024-12-06T13:52:32.309+0000] {logging_mixin.py:190} INFO - [2024-12-06T13:52:32.308+0000] {dag.py:4180} INFO - Setting next_dagrun for n_weather_data_pipeline to None, run_after=None
[2024-12-06T13:52:32.407+0000] {processor.py:208} INFO - Processing /opt/airflow/dags/dag.py took 0.978 seconds
[2024-12-06T13:52:34.510+0000] {processor.py:186} INFO - Started process (PID=187) to work on /opt/airflow/dags/dag.py
[2024-12-06T13:52:34.511+0000] {processor.py:914} INFO - Processing file /opt/airflow/dags/dag.py for tasks to queue
[2024-12-06T13:52:34.513+0000] {logging_mixin.py:190} INFO - [2024-12-06T13:52:34.513+0000] {dagbag.py:588} INFO - Filling up the DagBag from /opt/airflow/dags/dag.py
[2024-12-06T13:52:34.554+0000] {processor.py:925} INFO - DAG(s) 'weather_data_pipeline' retrieved from /opt/airflow/dags/dag.py
[2024-12-06T13:52:34.682+0000] {logging_mixin.py:190} INFO - [2024-12-06T13:52:34.682+0000] {dag.py:3239} INFO - Sync 1 DAGs
[2024-12-06T13:52:34.693+0000] {logging_mixin.py:190} INFO - [2024-12-06T13:52:34.693+0000] {dag.py:4180} INFO - Setting next_dagrun for weather_data_pipeline to None, run_after=None
[2024-12-06T13:52:34.763+0000] {processor.py:208} INFO - Processing /opt/airflow/dags/dag.py took 0.257 seconds
[2024-12-06T13:52:38.307+0000] {processor.py:186} INFO - Started process (PID=188) to work on /opt/airflow/dags/dag.py
[2024-12-06T13:52:38.309+0000] {processor.py:914} INFO - Processing file /opt/airflow/dags/dag.py for tasks to queue
[2024-12-06T13:52:38.314+0000] {logging_mixin.py:190} INFO - [2024-12-06T13:52:38.313+0000] {dagbag.py:588} INFO - Filling up the DagBag from /opt/airflow/dags/dag.py
[2024-12-06T13:52:38.381+0000] {processor.py:925} INFO - DAG(s) 'weather_data_pipeline2' retrieved from /opt/airflow/dags/dag.py
[2024-12-06T13:52:38.553+0000] {logging_mixin.py:190} INFO - [2024-12-06T13:52:38.552+0000] {override.py:1911} INFO - Created Permission View: can edit on DAG:weather_data_pipeline2
[2024-12-06T13:52:38.615+0000] {logging_mixin.py:190} INFO - [2024-12-06T13:52:38.614+0000] {override.py:1911} INFO - Created Permission View: can delete on DAG:weather_data_pipeline2
[2024-12-06T13:52:38.707+0000] {logging_mixin.py:190} INFO - [2024-12-06T13:52:38.707+0000] {override.py:1911} INFO - Created Permission View: can read on DAG:weather_data_pipeline2
[2024-12-06T13:52:38.828+0000] {logging_mixin.py:190} INFO - [2024-12-06T13:52:38.827+0000] {override.py:1911} INFO - Created Permission View: can create on DAG Run:weather_data_pipeline2
[2024-12-06T13:52:38.914+0000] {logging_mixin.py:190} INFO - [2024-12-06T13:52:38.914+0000] {override.py:1911} INFO - Created Permission View: menu access on DAG Run:weather_data_pipeline2
[2024-12-06T13:52:38.996+0000] {logging_mixin.py:190} INFO - [2024-12-06T13:52:38.995+0000] {override.py:1911} INFO - Created Permission View: can delete on DAG Run:weather_data_pipeline2
[2024-12-06T13:52:39.071+0000] {logging_mixin.py:190} INFO - [2024-12-06T13:52:39.070+0000] {override.py:1911} INFO - Created Permission View: can read on DAG Run:weather_data_pipeline2
[2024-12-06T13:52:39.073+0000] {logging_mixin.py:190} INFO - [2024-12-06T13:52:39.073+0000] {dag.py:3239} INFO - Sync 1 DAGs
[2024-12-06T13:52:39.114+0000] {logging_mixin.py:190} INFO - [2024-12-06T13:52:39.114+0000] {dag.py:3262} INFO - Creating ORM DAG for weather_data_pipeline2
[2024-12-06T13:52:39.115+0000] {logging_mixin.py:190} INFO - [2024-12-06T13:52:39.115+0000] {dag.py:4180} INFO - Setting next_dagrun for weather_data_pipeline2 to None, run_after=None
[2024-12-06T13:52:39.204+0000] {processor.py:208} INFO - Processing /opt/airflow/dags/dag.py took 0.901 seconds
[2024-12-06T13:52:45.029+0000] {processor.py:186} INFO - Started process (PID=189) to work on /opt/airflow/dags/dag.py
[2024-12-06T13:52:45.030+0000] {processor.py:914} INFO - Processing file /opt/airflow/dags/dag.py for tasks to queue
[2024-12-06T13:52:45.034+0000] {logging_mixin.py:190} INFO - [2024-12-06T13:52:45.033+0000] {dagbag.py:588} INFO - Filling up the DagBag from /opt/airflow/dags/dag.py
[2024-12-06T13:52:45.101+0000] {processor.py:925} INFO - DAG(s) 'weather_data_pipeline2' retrieved from /opt/airflow/dags/dag.py
[2024-12-06T13:52:45.117+0000] {logging_mixin.py:190} INFO - [2024-12-06T13:52:45.116+0000] {dag.py:3239} INFO - Sync 1 DAGs
[2024-12-06T13:52:45.131+0000] {logging_mixin.py:190} INFO - [2024-12-06T13:52:45.130+0000] {dag.py:4180} INFO - Setting next_dagrun for weather_data_pipeline2 to None, run_after=None
[2024-12-06T13:52:45.254+0000] {processor.py:208} INFO - Processing /opt/airflow/dags/dag.py took 0.229 seconds
[2024-12-06T13:53:15.764+0000] {processor.py:186} INFO - Started process (PID=204) to work on /opt/airflow/dags/dag.py
[2024-12-06T13:53:15.765+0000] {processor.py:914} INFO - Processing file /opt/airflow/dags/dag.py for tasks to queue
[2024-12-06T13:53:15.767+0000] {logging_mixin.py:190} INFO - [2024-12-06T13:53:15.767+0000] {dagbag.py:588} INFO - Filling up the DagBag from /opt/airflow/dags/dag.py
[2024-12-06T13:53:15.792+0000] {processor.py:925} INFO - DAG(s) 'weather_data_pipeline2' retrieved from /opt/airflow/dags/dag.py
[2024-12-06T13:53:15.819+0000] {logging_mixin.py:190} INFO - [2024-12-06T13:53:15.819+0000] {dag.py:3239} INFO - Sync 1 DAGs
[2024-12-06T13:53:15.834+0000] {logging_mixin.py:190} INFO - [2024-12-06T13:53:15.833+0000] {dag.py:4180} INFO - Setting next_dagrun for weather_data_pipeline2 to None, run_after=None
[2024-12-06T13:53:15.896+0000] {processor.py:208} INFO - Processing /opt/airflow/dags/dag.py took 0.137 seconds
[2024-12-06T13:53:46.477+0000] {processor.py:186} INFO - Started process (PID=219) to work on /opt/airflow/dags/dag.py
[2024-12-06T13:53:46.478+0000] {processor.py:914} INFO - Processing file /opt/airflow/dags/dag.py for tasks to queue
[2024-12-06T13:53:46.479+0000] {logging_mixin.py:190} INFO - [2024-12-06T13:53:46.479+0000] {dagbag.py:588} INFO - Filling up the DagBag from /opt/airflow/dags/dag.py
[2024-12-06T13:53:46.502+0000] {processor.py:925} INFO - DAG(s) 'weather_data_pipeline2' retrieved from /opt/airflow/dags/dag.py
[2024-12-06T13:53:46.528+0000] {logging_mixin.py:190} INFO - [2024-12-06T13:53:46.528+0000] {dag.py:3239} INFO - Sync 1 DAGs
[2024-12-06T13:53:46.545+0000] {logging_mixin.py:190} INFO - [2024-12-06T13:53:46.544+0000] {dag.py:4180} INFO - Setting next_dagrun for weather_data_pipeline2 to None, run_after=None
[2024-12-06T13:53:46.605+0000] {processor.py:208} INFO - Processing /opt/airflow/dags/dag.py took 0.133 seconds
[2024-12-06T13:54:09.053+0000] {processor.py:186} INFO - Started process (PID=221) to work on /opt/airflow/dags/dag.py
[2024-12-06T13:54:09.054+0000] {processor.py:914} INFO - Processing file /opt/airflow/dags/dag.py for tasks to queue
[2024-12-06T13:54:09.058+0000] {logging_mixin.py:190} INFO - [2024-12-06T13:54:09.057+0000] {dagbag.py:588} INFO - Filling up the DagBag from /opt/airflow/dags/dag.py
[2024-12-06T13:54:09.127+0000] {processor.py:925} INFO - DAG(s) 'weather_data_pipeline2' retrieved from /opt/airflow/dags/dag.py
[2024-12-06T13:54:09.167+0000] {logging_mixin.py:190} INFO - [2024-12-06T13:54:09.166+0000] {dag.py:3239} INFO - Sync 1 DAGs
[2024-12-06T13:54:09.185+0000] {logging_mixin.py:190} INFO - [2024-12-06T13:54:09.184+0000] {dag.py:4180} INFO - Setting next_dagrun for weather_data_pipeline2 to None, run_after=None
[2024-12-06T13:54:09.279+0000] {processor.py:208} INFO - Processing /opt/airflow/dags/dag.py took 0.234 seconds
[2024-12-06T13:54:13.075+0000] {processor.py:186} INFO - Started process (PID=222) to work on /opt/airflow/dags/dag.py
[2024-12-06T13:54:13.077+0000] {processor.py:914} INFO - Processing file /opt/airflow/dags/dag.py for tasks to queue
[2024-12-06T13:54:13.079+0000] {logging_mixin.py:190} INFO - [2024-12-06T13:54:13.078+0000] {dagbag.py:588} INFO - Filling up the DagBag from /opt/airflow/dags/dag.py
[2024-12-06T13:54:13.134+0000] {processor.py:925} INFO - DAG(s) 'weather_data_pipeline2' retrieved from /opt/airflow/dags/dag.py
[2024-12-06T13:54:13.172+0000] {logging_mixin.py:190} INFO - [2024-12-06T13:54:13.171+0000] {dag.py:3239} INFO - Sync 1 DAGs
[2024-12-06T13:54:13.192+0000] {logging_mixin.py:190} INFO - [2024-12-06T13:54:13.192+0000] {dag.py:4180} INFO - Setting next_dagrun for weather_data_pipeline2 to None, run_after=None
[2024-12-06T13:54:13.295+0000] {processor.py:208} INFO - Processing /opt/airflow/dags/dag.py took 0.227 seconds
[2024-12-06T13:54:23.756+0000] {processor.py:186} INFO - Started process (PID=223) to work on /opt/airflow/dags/dag.py
[2024-12-06T13:54:23.758+0000] {processor.py:914} INFO - Processing file /opt/airflow/dags/dag.py for tasks to queue
[2024-12-06T13:54:23.759+0000] {logging_mixin.py:190} INFO - [2024-12-06T13:54:23.759+0000] {dagbag.py:588} INFO - Filling up the DagBag from /opt/airflow/dags/dag.py
[2024-12-06T13:54:23.801+0000] {processor.py:925} INFO - DAG(s) 'weather_data_pipeline2' retrieved from /opt/airflow/dags/dag.py
[2024-12-06T13:54:23.954+0000] {logging_mixin.py:190} INFO - [2024-12-06T13:54:23.954+0000] {dag.py:3239} INFO - Sync 1 DAGs
[2024-12-06T13:54:24.103+0000] {logging_mixin.py:190} INFO - [2024-12-06T13:54:24.102+0000] {dag.py:4180} INFO - Setting next_dagrun for weather_data_pipeline2 to None, run_after=None
[2024-12-06T13:54:24.234+0000] {processor.py:208} INFO - Processing /opt/airflow/dags/dag.py took 0.482 seconds
[2024-12-06T13:54:29.198+0000] {processor.py:186} INFO - Started process (PID=224) to work on /opt/airflow/dags/dag.py
[2024-12-06T13:54:29.199+0000] {processor.py:914} INFO - Processing file /opt/airflow/dags/dag.py for tasks to queue
[2024-12-06T13:54:29.200+0000] {logging_mixin.py:190} INFO - [2024-12-06T13:54:29.200+0000] {dagbag.py:588} INFO - Filling up the DagBag from /opt/airflow/dags/dag.py
[2024-12-06T13:54:29.242+0000] {processor.py:925} INFO - DAG(s) 'weather_data_pipeline2' retrieved from /opt/airflow/dags/dag.py
[2024-12-06T13:54:29.263+0000] {logging_mixin.py:190} INFO - [2024-12-06T13:54:29.263+0000] {dag.py:3239} INFO - Sync 1 DAGs
[2024-12-06T13:54:29.279+0000] {logging_mixin.py:190} INFO - [2024-12-06T13:54:29.279+0000] {dag.py:4180} INFO - Setting next_dagrun for weather_data_pipeline2 to None, run_after=None
[2024-12-06T13:54:29.347+0000] {processor.py:208} INFO - Processing /opt/airflow/dags/dag.py took 0.154 seconds
[2024-12-06T13:55:00.590+0000] {processor.py:186} INFO - Started process (PID=256) to work on /opt/airflow/dags/dag.py
[2024-12-06T13:55:00.590+0000] {processor.py:914} INFO - Processing file /opt/airflow/dags/dag.py for tasks to queue
[2024-12-06T13:55:00.592+0000] {logging_mixin.py:190} INFO - [2024-12-06T13:55:00.592+0000] {dagbag.py:588} INFO - Filling up the DagBag from /opt/airflow/dags/dag.py
[2024-12-06T13:55:00.621+0000] {processor.py:925} INFO - DAG(s) 'weather_data_pipeline2' retrieved from /opt/airflow/dags/dag.py
[2024-12-06T13:55:00.652+0000] {logging_mixin.py:190} INFO - [2024-12-06T13:55:00.652+0000] {dag.py:3239} INFO - Sync 1 DAGs
[2024-12-06T13:55:00.670+0000] {logging_mixin.py:190} INFO - [2024-12-06T13:55:00.670+0000] {dag.py:4180} INFO - Setting next_dagrun for weather_data_pipeline2 to None, run_after=None
[2024-12-06T13:55:00.741+0000] {processor.py:208} INFO - Processing /opt/airflow/dags/dag.py took 0.156 seconds
[2024-12-06T13:55:31.805+0000] {processor.py:186} INFO - Started process (PID=258) to work on /opt/airflow/dags/dag.py
[2024-12-06T13:55:31.806+0000] {processor.py:914} INFO - Processing file /opt/airflow/dags/dag.py for tasks to queue
[2024-12-06T13:55:31.808+0000] {logging_mixin.py:190} INFO - [2024-12-06T13:55:31.807+0000] {dagbag.py:588} INFO - Filling up the DagBag from /opt/airflow/dags/dag.py
[2024-12-06T13:55:31.842+0000] {processor.py:925} INFO - DAG(s) 'weather_data_pipeline2' retrieved from /opt/airflow/dags/dag.py
[2024-12-06T13:55:31.881+0000] {logging_mixin.py:190} INFO - [2024-12-06T13:55:31.881+0000] {dag.py:3239} INFO - Sync 1 DAGs
[2024-12-06T13:55:31.898+0000] {logging_mixin.py:190} INFO - [2024-12-06T13:55:31.898+0000] {dag.py:4180} INFO - Setting next_dagrun for weather_data_pipeline2 to None, run_after=None
[2024-12-06T13:55:31.980+0000] {processor.py:208} INFO - Processing /opt/airflow/dags/dag.py took 0.181 seconds
[2024-12-06T13:56:02.887+0000] {processor.py:186} INFO - Started process (PID=260) to work on /opt/airflow/dags/dag.py
[2024-12-06T13:56:02.888+0000] {processor.py:914} INFO - Processing file /opt/airflow/dags/dag.py for tasks to queue
[2024-12-06T13:56:02.890+0000] {logging_mixin.py:190} INFO - [2024-12-06T13:56:02.889+0000] {dagbag.py:588} INFO - Filling up the DagBag from /opt/airflow/dags/dag.py
[2024-12-06T13:56:02.922+0000] {processor.py:925} INFO - DAG(s) 'weather_data_pipeline2' retrieved from /opt/airflow/dags/dag.py
[2024-12-06T13:56:03.060+0000] {logging_mixin.py:190} INFO - [2024-12-06T13:56:03.060+0000] {dag.py:3239} INFO - Sync 1 DAGs
[2024-12-06T13:56:03.074+0000] {logging_mixin.py:190} INFO - [2024-12-06T13:56:03.074+0000] {dag.py:4180} INFO - Setting next_dagrun for weather_data_pipeline2 to None, run_after=None
[2024-12-06T13:56:03.155+0000] {processor.py:208} INFO - Processing /opt/airflow/dags/dag.py took 0.273 seconds
[2024-12-06T13:56:34.005+0000] {processor.py:186} INFO - Started process (PID=262) to work on /opt/airflow/dags/dag.py
[2024-12-06T13:56:34.007+0000] {processor.py:914} INFO - Processing file /opt/airflow/dags/dag.py for tasks to queue
[2024-12-06T13:56:34.008+0000] {logging_mixin.py:190} INFO - [2024-12-06T13:56:34.008+0000] {dagbag.py:588} INFO - Filling up the DagBag from /opt/airflow/dags/dag.py
[2024-12-06T13:56:34.056+0000] {processor.py:925} INFO - DAG(s) 'weather_data_pipeline2' retrieved from /opt/airflow/dags/dag.py
[2024-12-06T13:56:34.086+0000] {logging_mixin.py:190} INFO - [2024-12-06T13:56:34.086+0000] {dag.py:3239} INFO - Sync 1 DAGs
[2024-12-06T13:56:34.102+0000] {logging_mixin.py:190} INFO - [2024-12-06T13:56:34.101+0000] {dag.py:4180} INFO - Setting next_dagrun for weather_data_pipeline2 to None, run_after=None
[2024-12-06T13:56:34.231+0000] {processor.py:208} INFO - Processing /opt/airflow/dags/dag.py took 0.231 seconds
