[2024-12-06T13:42:20.815+0000] {processor.py:186} INFO - Started process (PID=68) to work on /opt/airflow/dags/dag1.py
[2024-12-06T13:42:20.816+0000] {processor.py:914} INFO - Processing file /opt/airflow/dags/dag1.py for tasks to queue
[2024-12-06T13:42:20.819+0000] {logging_mixin.py:190} INFO - [2024-12-06T13:42:20.818+0000] {dagbag.py:588} INFO - Filling up the DagBag from /opt/airflow/dags/dag1.py
[2024-12-06T13:42:20.879+0000] {processor.py:925} INFO - DAG(s) 'weather_data_pipeline' retrieved from /opt/airflow/dags/dag1.py
[2024-12-06T13:42:21.088+0000] {logging_mixin.py:190} INFO - [2024-12-06T13:42:21.088+0000] {dag.py:3239} INFO - Sync 1 DAGs
[2024-12-06T13:42:21.103+0000] {logging_mixin.py:190} INFO - [2024-12-06T13:42:21.102+0000] {dag.py:3262} INFO - Creating ORM DAG for weather_data_pipeline
[2024-12-06T13:42:21.104+0000] {logging_mixin.py:190} INFO - [2024-12-06T13:42:21.103+0000] {dag.py:4180} INFO - Setting next_dagrun for weather_data_pipeline to None, run_after=None
[2024-12-06T13:42:21.208+0000] {processor.py:208} INFO - Processing /opt/airflow/dags/dag1.py took 0.398 seconds
[2024-12-06T13:42:51.589+0000] {processor.py:186} INFO - Started process (PID=94) to work on /opt/airflow/dags/dag1.py
[2024-12-06T13:42:51.590+0000] {processor.py:914} INFO - Processing file /opt/airflow/dags/dag1.py for tasks to queue
[2024-12-06T13:42:51.593+0000] {logging_mixin.py:190} INFO - [2024-12-06T13:42:51.592+0000] {dagbag.py:588} INFO - Filling up the DagBag from /opt/airflow/dags/dag1.py
[2024-12-06T13:42:51.629+0000] {processor.py:925} INFO - DAG(s) 'weather_data_pipeline' retrieved from /opt/airflow/dags/dag1.py
[2024-12-06T13:42:51.660+0000] {logging_mixin.py:190} INFO - [2024-12-06T13:42:51.660+0000] {dag.py:3239} INFO - Sync 1 DAGs
[2024-12-06T13:42:51.680+0000] {logging_mixin.py:190} INFO - [2024-12-06T13:42:51.680+0000] {dag.py:4180} INFO - Setting next_dagrun for weather_data_pipeline to None, run_after=None
[2024-12-06T13:42:51.769+0000] {processor.py:208} INFO - Processing /opt/airflow/dags/dag1.py took 0.186 seconds
[2024-12-06T13:43:13.889+0000] {processor.py:186} INFO - Started process (PID=96) to work on /opt/airflow/dags/dag1.py
[2024-12-06T13:43:13.890+0000] {processor.py:914} INFO - Processing file /opt/airflow/dags/dag1.py for tasks to queue
[2024-12-06T13:43:13.892+0000] {logging_mixin.py:190} INFO - [2024-12-06T13:43:13.891+0000] {dagbag.py:588} INFO - Filling up the DagBag from /opt/airflow/dags/dag1.py
[2024-12-06T13:43:13.928+0000] {processor.py:925} INFO - DAG(s) 'weather_data_pipeline' retrieved from /opt/airflow/dags/dag1.py
[2024-12-06T13:43:13.942+0000] {logging_mixin.py:190} INFO - [2024-12-06T13:43:13.942+0000] {dag.py:3239} INFO - Sync 1 DAGs
[2024-12-06T13:43:13.955+0000] {logging_mixin.py:190} INFO - [2024-12-06T13:43:13.955+0000] {dag.py:4180} INFO - Setting next_dagrun for weather_data_pipeline to None, run_after=None
[2024-12-06T13:43:14.024+0000] {processor.py:208} INFO - Processing /opt/airflow/dags/dag1.py took 0.140 seconds
[2024-12-06T13:43:44.984+0000] {processor.py:186} INFO - Started process (PID=98) to work on /opt/airflow/dags/dag1.py
[2024-12-06T13:43:44.985+0000] {processor.py:914} INFO - Processing file /opt/airflow/dags/dag1.py for tasks to queue
[2024-12-06T13:43:44.987+0000] {logging_mixin.py:190} INFO - [2024-12-06T13:43:44.987+0000] {dagbag.py:588} INFO - Filling up the DagBag from /opt/airflow/dags/dag1.py
[2024-12-06T13:43:45.012+0000] {processor.py:925} INFO - DAG(s) 'weather_data_pipeline' retrieved from /opt/airflow/dags/dag1.py
[2024-12-06T13:43:45.159+0000] {logging_mixin.py:190} INFO - [2024-12-06T13:43:45.159+0000] {dag.py:3239} INFO - Sync 1 DAGs
[2024-12-06T13:43:45.170+0000] {logging_mixin.py:190} INFO - [2024-12-06T13:43:45.170+0000] {dag.py:4180} INFO - Setting next_dagrun for weather_data_pipeline to None, run_after=None
[2024-12-06T13:43:45.242+0000] {processor.py:208} INFO - Processing /opt/airflow/dags/dag1.py took 0.262 seconds
[2024-12-06T13:44:15.741+0000] {processor.py:186} INFO - Started process (PID=116) to work on /opt/airflow/dags/dag1.py
[2024-12-06T13:44:15.742+0000] {processor.py:914} INFO - Processing file /opt/airflow/dags/dag1.py for tasks to queue
[2024-12-06T13:44:15.744+0000] {logging_mixin.py:190} INFO - [2024-12-06T13:44:15.744+0000] {dagbag.py:588} INFO - Filling up the DagBag from /opt/airflow/dags/dag1.py
[2024-12-06T13:44:15.770+0000] {processor.py:925} INFO - DAG(s) 'weather_data_pipeline' retrieved from /opt/airflow/dags/dag1.py
[2024-12-06T13:44:15.806+0000] {logging_mixin.py:190} INFO - [2024-12-06T13:44:15.806+0000] {dag.py:3239} INFO - Sync 1 DAGs
[2024-12-06T13:44:15.821+0000] {logging_mixin.py:190} INFO - [2024-12-06T13:44:15.821+0000] {dag.py:4180} INFO - Setting next_dagrun for weather_data_pipeline to None, run_after=None
[2024-12-06T13:44:15.949+0000] {processor.py:208} INFO - Processing /opt/airflow/dags/dag1.py took 0.213 seconds
[2024-12-06T13:44:46.817+0000] {processor.py:186} INFO - Started process (PID=118) to work on /opt/airflow/dags/dag1.py
[2024-12-06T13:44:46.819+0000] {processor.py:914} INFO - Processing file /opt/airflow/dags/dag1.py for tasks to queue
[2024-12-06T13:44:46.820+0000] {logging_mixin.py:190} INFO - [2024-12-06T13:44:46.820+0000] {dagbag.py:588} INFO - Filling up the DagBag from /opt/airflow/dags/dag1.py
[2024-12-06T13:44:46.848+0000] {processor.py:925} INFO - DAG(s) 'weather_data_pipeline' retrieved from /opt/airflow/dags/dag1.py
[2024-12-06T13:44:46.862+0000] {logging_mixin.py:190} INFO - [2024-12-06T13:44:46.861+0000] {dag.py:3239} INFO - Sync 1 DAGs
[2024-12-06T13:44:46.875+0000] {logging_mixin.py:190} INFO - [2024-12-06T13:44:46.875+0000] {dag.py:4180} INFO - Setting next_dagrun for weather_data_pipeline to None, run_after=None
[2024-12-06T13:44:46.942+0000] {processor.py:208} INFO - Processing /opt/airflow/dags/dag1.py took 0.129 seconds
[2024-12-06T13:45:18.132+0000] {processor.py:186} INFO - Started process (PID=120) to work on /opt/airflow/dags/dag1.py
[2024-12-06T13:45:18.133+0000] {processor.py:914} INFO - Processing file /opt/airflow/dags/dag1.py for tasks to queue
[2024-12-06T13:45:18.135+0000] {logging_mixin.py:190} INFO - [2024-12-06T13:45:18.134+0000] {dagbag.py:588} INFO - Filling up the DagBag from /opt/airflow/dags/dag1.py
[2024-12-06T13:45:18.164+0000] {processor.py:925} INFO - DAG(s) 'weather_data_pipeline' retrieved from /opt/airflow/dags/dag1.py
[2024-12-06T13:45:18.291+0000] {logging_mixin.py:190} INFO - [2024-12-06T13:45:18.290+0000] {dag.py:3239} INFO - Sync 1 DAGs
[2024-12-06T13:45:18.302+0000] {logging_mixin.py:190} INFO - [2024-12-06T13:45:18.302+0000] {dag.py:4180} INFO - Setting next_dagrun for weather_data_pipeline to None, run_after=None
[2024-12-06T13:45:18.374+0000] {processor.py:208} INFO - Processing /opt/airflow/dags/dag1.py took 0.247 seconds
[2024-12-06T13:45:49.411+0000] {processor.py:186} INFO - Started process (PID=122) to work on /opt/airflow/dags/dag1.py
[2024-12-06T13:45:49.412+0000] {processor.py:914} INFO - Processing file /opt/airflow/dags/dag1.py for tasks to queue
[2024-12-06T13:45:49.414+0000] {logging_mixin.py:190} INFO - [2024-12-06T13:45:49.414+0000] {dagbag.py:588} INFO - Filling up the DagBag from /opt/airflow/dags/dag1.py
[2024-12-06T13:45:49.441+0000] {processor.py:925} INFO - DAG(s) 'weather_data_pipeline' retrieved from /opt/airflow/dags/dag1.py
[2024-12-06T13:45:49.470+0000] {logging_mixin.py:190} INFO - [2024-12-06T13:45:49.470+0000] {dag.py:3239} INFO - Sync 1 DAGs
[2024-12-06T13:45:49.485+0000] {logging_mixin.py:190} INFO - [2024-12-06T13:45:49.485+0000] {dag.py:4180} INFO - Setting next_dagrun for weather_data_pipeline to None, run_after=None
[2024-12-06T13:45:49.560+0000] {processor.py:208} INFO - Processing /opt/airflow/dags/dag1.py took 0.155 seconds
[2024-12-06T13:46:20.573+0000] {processor.py:186} INFO - Started process (PID=124) to work on /opt/airflow/dags/dag1.py
[2024-12-06T13:46:20.574+0000] {processor.py:914} INFO - Processing file /opt/airflow/dags/dag1.py for tasks to queue
[2024-12-06T13:46:20.576+0000] {logging_mixin.py:190} INFO - [2024-12-06T13:46:20.576+0000] {dagbag.py:588} INFO - Filling up the DagBag from /opt/airflow/dags/dag1.py
[2024-12-06T13:46:20.608+0000] {processor.py:925} INFO - DAG(s) 'weather_data_pipeline' retrieved from /opt/airflow/dags/dag1.py
[2024-12-06T13:46:20.626+0000] {logging_mixin.py:190} INFO - [2024-12-06T13:46:20.626+0000] {dag.py:3239} INFO - Sync 1 DAGs
[2024-12-06T13:46:20.642+0000] {logging_mixin.py:190} INFO - [2024-12-06T13:46:20.642+0000] {dag.py:4180} INFO - Setting next_dagrun for weather_data_pipeline to None, run_after=None
[2024-12-06T13:46:20.736+0000] {processor.py:208} INFO - Processing /opt/airflow/dags/dag1.py took 0.168 seconds
[2024-12-06T13:46:52.019+0000] {processor.py:186} INFO - Started process (PID=126) to work on /opt/airflow/dags/dag1.py
[2024-12-06T13:46:52.020+0000] {processor.py:914} INFO - Processing file /opt/airflow/dags/dag1.py for tasks to queue
[2024-12-06T13:46:52.023+0000] {logging_mixin.py:190} INFO - [2024-12-06T13:46:52.023+0000] {dagbag.py:588} INFO - Filling up the DagBag from /opt/airflow/dags/dag1.py
[2024-12-06T13:46:52.055+0000] {processor.py:925} INFO - DAG(s) 'weather_data_pipeline' retrieved from /opt/airflow/dags/dag1.py
[2024-12-06T13:46:52.200+0000] {logging_mixin.py:190} INFO - [2024-12-06T13:46:52.199+0000] {dag.py:3239} INFO - Sync 1 DAGs
[2024-12-06T13:46:52.212+0000] {logging_mixin.py:190} INFO - [2024-12-06T13:46:52.212+0000] {dag.py:4180} INFO - Setting next_dagrun for weather_data_pipeline to None, run_after=None
[2024-12-06T13:46:52.301+0000] {processor.py:208} INFO - Processing /opt/airflow/dags/dag1.py took 0.287 seconds
[2024-12-06T13:47:22.548+0000] {processor.py:186} INFO - Started process (PID=128) to work on /opt/airflow/dags/dag1.py
[2024-12-06T13:47:22.549+0000] {processor.py:914} INFO - Processing file /opt/airflow/dags/dag1.py for tasks to queue
[2024-12-06T13:47:22.552+0000] {logging_mixin.py:190} INFO - [2024-12-06T13:47:22.552+0000] {dagbag.py:588} INFO - Filling up the DagBag from /opt/airflow/dags/dag1.py
[2024-12-06T13:47:22.582+0000] {processor.py:925} INFO - DAG(s) 'weather_data_pipeline' retrieved from /opt/airflow/dags/dag1.py
[2024-12-06T13:47:22.611+0000] {logging_mixin.py:190} INFO - [2024-12-06T13:47:22.610+0000] {dag.py:3239} INFO - Sync 1 DAGs
[2024-12-06T13:47:22.625+0000] {logging_mixin.py:190} INFO - [2024-12-06T13:47:22.624+0000] {dag.py:4180} INFO - Setting next_dagrun for weather_data_pipeline to None, run_after=None
[2024-12-06T13:47:22.703+0000] {processor.py:208} INFO - Processing /opt/airflow/dags/dag1.py took 0.161 seconds
[2024-12-06T13:47:53.820+0000] {processor.py:186} INFO - Started process (PID=130) to work on /opt/airflow/dags/dag1.py
[2024-12-06T13:47:53.821+0000] {processor.py:914} INFO - Processing file /opt/airflow/dags/dag1.py for tasks to queue
[2024-12-06T13:47:53.823+0000] {logging_mixin.py:190} INFO - [2024-12-06T13:47:53.823+0000] {dagbag.py:588} INFO - Filling up the DagBag from /opt/airflow/dags/dag1.py
[2024-12-06T13:47:53.856+0000] {processor.py:925} INFO - DAG(s) 'weather_data_pipeline' retrieved from /opt/airflow/dags/dag1.py
[2024-12-06T13:47:53.872+0000] {logging_mixin.py:190} INFO - [2024-12-06T13:47:53.872+0000] {dag.py:3239} INFO - Sync 1 DAGs
[2024-12-06T13:47:53.888+0000] {logging_mixin.py:190} INFO - [2024-12-06T13:47:53.888+0000] {dag.py:4180} INFO - Setting next_dagrun for weather_data_pipeline to None, run_after=None
[2024-12-06T13:47:54.004+0000] {processor.py:208} INFO - Processing /opt/airflow/dags/dag1.py took 0.188 seconds
[2024-12-06T13:48:24.516+0000] {processor.py:186} INFO - Started process (PID=132) to work on /opt/airflow/dags/dag1.py
[2024-12-06T13:48:24.518+0000] {processor.py:914} INFO - Processing file /opt/airflow/dags/dag1.py for tasks to queue
[2024-12-06T13:48:24.520+0000] {logging_mixin.py:190} INFO - [2024-12-06T13:48:24.519+0000] {dagbag.py:588} INFO - Filling up the DagBag from /opt/airflow/dags/dag1.py
[2024-12-06T13:48:24.551+0000] {processor.py:925} INFO - DAG(s) 'weather_data_pipeline' retrieved from /opt/airflow/dags/dag1.py
[2024-12-06T13:48:24.731+0000] {logging_mixin.py:190} INFO - [2024-12-06T13:48:24.730+0000] {dag.py:3239} INFO - Sync 1 DAGs
[2024-12-06T13:48:24.747+0000] {logging_mixin.py:190} INFO - [2024-12-06T13:48:24.746+0000] {dag.py:4180} INFO - Setting next_dagrun for weather_data_pipeline to None, run_after=None
[2024-12-06T13:48:24.871+0000] {processor.py:208} INFO - Processing /opt/airflow/dags/dag1.py took 0.360 seconds
[2024-12-06T13:48:55.104+0000] {processor.py:186} INFO - Started process (PID=134) to work on /opt/airflow/dags/dag1.py
[2024-12-06T13:48:55.109+0000] {processor.py:914} INFO - Processing file /opt/airflow/dags/dag1.py for tasks to queue
[2024-12-06T13:48:55.116+0000] {logging_mixin.py:190} INFO - [2024-12-06T13:48:55.112+0000] {dagbag.py:588} INFO - Filling up the DagBag from /opt/airflow/dags/dag1.py
[2024-12-06T13:48:55.153+0000] {processor.py:925} INFO - DAG(s) 'weather_data_pipeline' retrieved from /opt/airflow/dags/dag1.py
[2024-12-06T13:48:55.216+0000] {logging_mixin.py:190} INFO - [2024-12-06T13:48:55.216+0000] {dag.py:3239} INFO - Sync 1 DAGs
[2024-12-06T13:48:55.241+0000] {logging_mixin.py:190} INFO - [2024-12-06T13:48:55.241+0000] {dag.py:4180} INFO - Setting next_dagrun for weather_data_pipeline to None, run_after=None
[2024-12-06T13:48:55.337+0000] {processor.py:208} INFO - Processing /opt/airflow/dags/dag1.py took 0.245 seconds
[2024-12-06T13:49:25.446+0000] {processor.py:186} INFO - Started process (PID=152) to work on /opt/airflow/dags/dag1.py
[2024-12-06T13:49:25.447+0000] {processor.py:914} INFO - Processing file /opt/airflow/dags/dag1.py for tasks to queue
[2024-12-06T13:49:25.449+0000] {logging_mixin.py:190} INFO - [2024-12-06T13:49:25.449+0000] {dagbag.py:588} INFO - Filling up the DagBag from /opt/airflow/dags/dag1.py
[2024-12-06T13:49:25.477+0000] {processor.py:925} INFO - DAG(s) 'weather_data_pipeline' retrieved from /opt/airflow/dags/dag1.py
[2024-12-06T13:49:25.493+0000] {logging_mixin.py:190} INFO - [2024-12-06T13:49:25.493+0000] {dag.py:3239} INFO - Sync 1 DAGs
[2024-12-06T13:49:25.510+0000] {logging_mixin.py:190} INFO - [2024-12-06T13:49:25.510+0000] {dag.py:4180} INFO - Setting next_dagrun for weather_data_pipeline to None, run_after=None
[2024-12-06T13:49:25.618+0000] {processor.py:208} INFO - Processing /opt/airflow/dags/dag1.py took 0.178 seconds
[2024-12-06T13:49:56.078+0000] {processor.py:186} INFO - Started process (PID=154) to work on /opt/airflow/dags/dag1.py
[2024-12-06T13:49:56.079+0000] {processor.py:914} INFO - Processing file /opt/airflow/dags/dag1.py for tasks to queue
[2024-12-06T13:49:56.090+0000] {logging_mixin.py:190} INFO - [2024-12-06T13:49:56.085+0000] {dagbag.py:588} INFO - Filling up the DagBag from /opt/airflow/dags/dag1.py
[2024-12-06T13:49:56.143+0000] {processor.py:925} INFO - DAG(s) 'weather_data_pipeline' retrieved from /opt/airflow/dags/dag1.py
[2024-12-06T13:49:56.358+0000] {logging_mixin.py:190} INFO - [2024-12-06T13:49:56.357+0000] {dag.py:3239} INFO - Sync 1 DAGs
[2024-12-06T13:49:56.639+0000] {logging_mixin.py:190} INFO - [2024-12-06T13:49:56.638+0000] {dag.py:4180} INFO - Setting next_dagrun for weather_data_pipeline to None, run_after=None
[2024-12-06T13:49:56.740+0000] {processor.py:208} INFO - Processing /opt/airflow/dags/dag1.py took 0.673 seconds
[2024-12-06T13:50:27.195+0000] {processor.py:186} INFO - Started process (PID=159) to work on /opt/airflow/dags/dag1.py
[2024-12-06T13:50:27.196+0000] {processor.py:914} INFO - Processing file /opt/airflow/dags/dag1.py for tasks to queue
[2024-12-06T13:50:27.202+0000] {logging_mixin.py:190} INFO - [2024-12-06T13:50:27.201+0000] {dagbag.py:588} INFO - Filling up the DagBag from /opt/airflow/dags/dag1.py
[2024-12-06T13:50:27.237+0000] {processor.py:925} INFO - DAG(s) 'weather_data_pipeline' retrieved from /opt/airflow/dags/dag1.py
[2024-12-06T13:50:27.284+0000] {logging_mixin.py:190} INFO - [2024-12-06T13:50:27.284+0000] {dag.py:3239} INFO - Sync 1 DAGs
[2024-12-06T13:50:27.308+0000] {logging_mixin.py:190} INFO - [2024-12-06T13:50:27.308+0000] {dag.py:4180} INFO - Setting next_dagrun for weather_data_pipeline to None, run_after=None
[2024-12-06T13:50:27.383+0000] {processor.py:208} INFO - Processing /opt/airflow/dags/dag1.py took 0.197 seconds
[2024-12-06T13:50:57.805+0000] {processor.py:186} INFO - Started process (PID=161) to work on /opt/airflow/dags/dag1.py
[2024-12-06T13:50:57.806+0000] {processor.py:914} INFO - Processing file /opt/airflow/dags/dag1.py for tasks to queue
[2024-12-06T13:50:57.808+0000] {logging_mixin.py:190} INFO - [2024-12-06T13:50:57.808+0000] {dagbag.py:588} INFO - Filling up the DagBag from /opt/airflow/dags/dag1.py
[2024-12-06T13:50:57.837+0000] {processor.py:925} INFO - DAG(s) 'weather_data_pipeline' retrieved from /opt/airflow/dags/dag1.py
[2024-12-06T13:50:57.866+0000] {logging_mixin.py:190} INFO - [2024-12-06T13:50:57.866+0000] {dag.py:3239} INFO - Sync 1 DAGs
[2024-12-06T13:50:57.878+0000] {logging_mixin.py:190} INFO - [2024-12-06T13:50:57.878+0000] {dag.py:4180} INFO - Setting next_dagrun for weather_data_pipeline to None, run_after=None
[2024-12-06T13:50:57.941+0000] {processor.py:208} INFO - Processing /opt/airflow/dags/dag1.py took 0.140 seconds
[2024-12-06T13:51:29.806+0000] {processor.py:186} INFO - Started process (PID=179) to work on /opt/airflow/dags/dag1.py
[2024-12-06T13:51:29.807+0000] {processor.py:914} INFO - Processing file /opt/airflow/dags/dag1.py for tasks to queue
[2024-12-06T13:51:29.810+0000] {logging_mixin.py:190} INFO - [2024-12-06T13:51:29.810+0000] {dagbag.py:588} INFO - Filling up the DagBag from /opt/airflow/dags/dag1.py
[2024-12-06T13:51:29.832+0000] {processor.py:925} INFO - DAG(s) 'weather_data_pipeline' retrieved from /opt/airflow/dags/dag1.py
[2024-12-06T13:51:29.861+0000] {logging_mixin.py:190} INFO - [2024-12-06T13:51:29.861+0000] {dag.py:3239} INFO - Sync 1 DAGs
[2024-12-06T13:51:29.874+0000] {logging_mixin.py:190} INFO - [2024-12-06T13:51:29.874+0000] {dag.py:4180} INFO - Setting next_dagrun for weather_data_pipeline to None, run_after=None
[2024-12-06T13:51:29.939+0000] {processor.py:208} INFO - Processing /opt/airflow/dags/dag1.py took 0.139 seconds
[2024-12-06T13:52:00.944+0000] {processor.py:186} INFO - Started process (PID=181) to work on /opt/airflow/dags/dag1.py
[2024-12-06T13:52:00.945+0000] {processor.py:914} INFO - Processing file /opt/airflow/dags/dag1.py for tasks to queue
[2024-12-06T13:52:00.947+0000] {logging_mixin.py:190} INFO - [2024-12-06T13:52:00.946+0000] {dagbag.py:588} INFO - Filling up the DagBag from /opt/airflow/dags/dag1.py
[2024-12-06T13:52:00.974+0000] {processor.py:925} INFO - DAG(s) 'weather_data_pipeline' retrieved from /opt/airflow/dags/dag1.py
[2024-12-06T13:52:01.007+0000] {logging_mixin.py:190} INFO - [2024-12-06T13:52:01.007+0000] {dag.py:3239} INFO - Sync 1 DAGs
[2024-12-06T13:52:01.022+0000] {logging_mixin.py:190} INFO - [2024-12-06T13:52:01.021+0000] {dag.py:4180} INFO - Setting next_dagrun for weather_data_pipeline to None, run_after=None
[2024-12-06T13:52:01.093+0000] {processor.py:208} INFO - Processing /opt/airflow/dags/dag1.py took 0.154 seconds
[2024-12-06T13:52:32.956+0000] {processor.py:186} INFO - Started process (PID=186) to work on /opt/airflow/dags/dag1.py
[2024-12-06T13:52:32.957+0000] {processor.py:914} INFO - Processing file /opt/airflow/dags/dag1.py for tasks to queue
[2024-12-06T13:52:32.959+0000] {logging_mixin.py:190} INFO - [2024-12-06T13:52:32.959+0000] {dagbag.py:588} INFO - Filling up the DagBag from /opt/airflow/dags/dag1.py
[2024-12-06T13:52:32.992+0000] {processor.py:925} INFO - DAG(s) 'weather_data_pipeline' retrieved from /opt/airflow/dags/dag1.py
[2024-12-06T13:52:33.035+0000] {logging_mixin.py:190} INFO - [2024-12-06T13:52:33.035+0000] {dag.py:3239} INFO - Sync 1 DAGs
[2024-12-06T13:52:33.056+0000] {logging_mixin.py:190} INFO - [2024-12-06T13:52:33.056+0000] {dag.py:4180} INFO - Setting next_dagrun for weather_data_pipeline to None, run_after=None
[2024-12-06T13:52:33.148+0000] {processor.py:208} INFO - Processing /opt/airflow/dags/dag1.py took 0.199 seconds
[2024-12-06T13:53:03.808+0000] {processor.py:186} INFO - Started process (PID=203) to work on /opt/airflow/dags/dag1.py
[2024-12-06T13:53:03.809+0000] {processor.py:914} INFO - Processing file /opt/airflow/dags/dag1.py for tasks to queue
[2024-12-06T13:53:03.811+0000] {logging_mixin.py:190} INFO - [2024-12-06T13:53:03.811+0000] {dagbag.py:588} INFO - Filling up the DagBag from /opt/airflow/dags/dag1.py
[2024-12-06T13:53:03.839+0000] {processor.py:925} INFO - DAG(s) 'weather_data_pipeline' retrieved from /opt/airflow/dags/dag1.py
[2024-12-06T13:53:03.857+0000] {logging_mixin.py:190} INFO - [2024-12-06T13:53:03.857+0000] {dag.py:3239} INFO - Sync 1 DAGs
[2024-12-06T13:53:03.875+0000] {logging_mixin.py:190} INFO - [2024-12-06T13:53:03.875+0000] {dag.py:4180} INFO - Setting next_dagrun for weather_data_pipeline to None, run_after=None
[2024-12-06T13:53:03.979+0000] {processor.py:208} INFO - Processing /opt/airflow/dags/dag1.py took 0.179 seconds
[2024-12-06T13:53:34.854+0000] {processor.py:186} INFO - Started process (PID=205) to work on /opt/airflow/dags/dag1.py
[2024-12-06T13:53:34.855+0000] {processor.py:914} INFO - Processing file /opt/airflow/dags/dag1.py for tasks to queue
[2024-12-06T13:53:34.856+0000] {logging_mixin.py:190} INFO - [2024-12-06T13:53:34.856+0000] {dagbag.py:588} INFO - Filling up the DagBag from /opt/airflow/dags/dag1.py
[2024-12-06T13:53:34.878+0000] {processor.py:925} INFO - DAG(s) 'weather_data_pipeline' retrieved from /opt/airflow/dags/dag1.py
[2024-12-06T13:53:35.024+0000] {logging_mixin.py:190} INFO - [2024-12-06T13:53:35.024+0000] {dag.py:3239} INFO - Sync 1 DAGs
[2024-12-06T13:53:35.042+0000] {logging_mixin.py:190} INFO - [2024-12-06T13:53:35.042+0000] {dag.py:4180} INFO - Setting next_dagrun for weather_data_pipeline to None, run_after=None
[2024-12-06T13:53:35.266+0000] {processor.py:208} INFO - Processing /opt/airflow/dags/dag1.py took 0.417 seconds
[2024-12-06T13:54:06.302+0000] {processor.py:186} INFO - Started process (PID=220) to work on /opt/airflow/dags/dag1.py
[2024-12-06T13:54:06.303+0000] {processor.py:914} INFO - Processing file /opt/airflow/dags/dag1.py for tasks to queue
[2024-12-06T13:54:06.304+0000] {logging_mixin.py:190} INFO - [2024-12-06T13:54:06.304+0000] {dagbag.py:588} INFO - Filling up the DagBag from /opt/airflow/dags/dag1.py
[2024-12-06T13:54:06.333+0000] {processor.py:925} INFO - DAG(s) 'weather_data_pipeline' retrieved from /opt/airflow/dags/dag1.py
[2024-12-06T13:54:06.358+0000] {logging_mixin.py:190} INFO - [2024-12-06T13:54:06.358+0000] {dag.py:3239} INFO - Sync 1 DAGs
[2024-12-06T13:54:06.375+0000] {logging_mixin.py:190} INFO - [2024-12-06T13:54:06.374+0000] {dag.py:4180} INFO - Setting next_dagrun for weather_data_pipeline to None, run_after=None
[2024-12-06T13:54:06.439+0000] {processor.py:208} INFO - Processing /opt/airflow/dags/dag1.py took 0.142 seconds
[2024-12-06T13:54:37.159+0000] {processor.py:186} INFO - Started process (PID=225) to work on /opt/airflow/dags/dag1.py
[2024-12-06T13:54:37.160+0000] {processor.py:914} INFO - Processing file /opt/airflow/dags/dag1.py for tasks to queue
[2024-12-06T13:54:37.161+0000] {logging_mixin.py:190} INFO - [2024-12-06T13:54:37.161+0000] {dagbag.py:588} INFO - Filling up the DagBag from /opt/airflow/dags/dag1.py
[2024-12-06T13:54:37.193+0000] {processor.py:925} INFO - DAG(s) 'weather_data_pipeline' retrieved from /opt/airflow/dags/dag1.py
[2024-12-06T13:54:37.256+0000] {logging_mixin.py:190} INFO - [2024-12-06T13:54:37.256+0000] {dag.py:3239} INFO - Sync 1 DAGs
[2024-12-06T13:54:37.270+0000] {logging_mixin.py:190} INFO - [2024-12-06T13:54:37.270+0000] {dag.py:4180} INFO - Setting next_dagrun for weather_data_pipeline to None, run_after=None
[2024-12-06T13:54:37.340+0000] {processor.py:208} INFO - Processing /opt/airflow/dags/dag1.py took 0.186 seconds
[2024-12-06T13:55:08.236+0000] {processor.py:186} INFO - Started process (PID=257) to work on /opt/airflow/dags/dag1.py
[2024-12-06T13:55:08.238+0000] {processor.py:914} INFO - Processing file /opt/airflow/dags/dag1.py for tasks to queue
[2024-12-06T13:55:08.239+0000] {logging_mixin.py:190} INFO - [2024-12-06T13:55:08.239+0000] {dagbag.py:588} INFO - Filling up the DagBag from /opt/airflow/dags/dag1.py
[2024-12-06T13:55:08.276+0000] {processor.py:925} INFO - DAG(s) 'weather_data_pipeline' retrieved from /opt/airflow/dags/dag1.py
[2024-12-06T13:55:08.308+0000] {logging_mixin.py:190} INFO - [2024-12-06T13:55:08.308+0000] {dag.py:3239} INFO - Sync 1 DAGs
[2024-12-06T13:55:08.322+0000] {logging_mixin.py:190} INFO - [2024-12-06T13:55:08.322+0000] {dag.py:4180} INFO - Setting next_dagrun for weather_data_pipeline to None, run_after=None
[2024-12-06T13:55:08.388+0000] {processor.py:208} INFO - Processing /opt/airflow/dags/dag1.py took 0.161 seconds
[2024-12-06T13:55:39.299+0000] {processor.py:186} INFO - Started process (PID=259) to work on /opt/airflow/dags/dag1.py
[2024-12-06T13:55:39.300+0000] {processor.py:914} INFO - Processing file /opt/airflow/dags/dag1.py for tasks to queue
[2024-12-06T13:55:39.301+0000] {logging_mixin.py:190} INFO - [2024-12-06T13:55:39.301+0000] {dagbag.py:588} INFO - Filling up the DagBag from /opt/airflow/dags/dag1.py
[2024-12-06T13:55:39.323+0000] {processor.py:925} INFO - DAG(s) 'weather_data_pipeline' retrieved from /opt/airflow/dags/dag1.py
[2024-12-06T13:55:39.348+0000] {logging_mixin.py:190} INFO - [2024-12-06T13:55:39.347+0000] {dag.py:3239} INFO - Sync 1 DAGs
[2024-12-06T13:55:39.361+0000] {logging_mixin.py:190} INFO - [2024-12-06T13:55:39.361+0000] {dag.py:4180} INFO - Setting next_dagrun for weather_data_pipeline to None, run_after=None
[2024-12-06T13:55:39.432+0000] {processor.py:208} INFO - Processing /opt/airflow/dags/dag1.py took 0.137 seconds
[2024-12-06T13:56:10.266+0000] {processor.py:186} INFO - Started process (PID=261) to work on /opt/airflow/dags/dag1.py
[2024-12-06T13:56:10.267+0000] {processor.py:914} INFO - Processing file /opt/airflow/dags/dag1.py for tasks to queue
[2024-12-06T13:56:10.268+0000] {logging_mixin.py:190} INFO - [2024-12-06T13:56:10.267+0000] {dagbag.py:588} INFO - Filling up the DagBag from /opt/airflow/dags/dag1.py
[2024-12-06T13:56:10.295+0000] {processor.py:925} INFO - DAG(s) 'weather_data_pipeline' retrieved from /opt/airflow/dags/dag1.py
[2024-12-06T13:56:10.323+0000] {logging_mixin.py:190} INFO - [2024-12-06T13:56:10.323+0000] {dag.py:3239} INFO - Sync 1 DAGs
[2024-12-06T13:56:10.337+0000] {logging_mixin.py:190} INFO - [2024-12-06T13:56:10.336+0000] {dag.py:4180} INFO - Setting next_dagrun for weather_data_pipeline to None, run_after=None
[2024-12-06T13:56:10.414+0000] {processor.py:208} INFO - Processing /opt/airflow/dags/dag1.py took 0.153 seconds
[2024-12-06T13:56:41.480+0000] {processor.py:186} INFO - Started process (PID=263) to work on /opt/airflow/dags/dag1.py
[2024-12-06T13:56:41.481+0000] {processor.py:914} INFO - Processing file /opt/airflow/dags/dag1.py for tasks to queue
[2024-12-06T13:56:41.483+0000] {logging_mixin.py:190} INFO - [2024-12-06T13:56:41.483+0000] {dagbag.py:588} INFO - Filling up the DagBag from /opt/airflow/dags/dag1.py
[2024-12-06T13:56:41.514+0000] {processor.py:925} INFO - DAG(s) 'weather_data_pipeline' retrieved from /opt/airflow/dags/dag1.py
[2024-12-06T13:56:41.553+0000] {logging_mixin.py:190} INFO - [2024-12-06T13:56:41.553+0000] {dag.py:3239} INFO - Sync 1 DAGs
[2024-12-06T13:56:41.569+0000] {logging_mixin.py:190} INFO - [2024-12-06T13:56:41.568+0000] {dag.py:4180} INFO - Setting next_dagrun for weather_data_pipeline to None, run_after=None
[2024-12-06T13:56:41.633+0000] {processor.py:208} INFO - Processing /opt/airflow/dags/dag1.py took 0.159 seconds
